<testsuites id="" name="" tests="46" failures="0" skipped="0" errors="0" time="26.579781999999998">
<testsuite name="accessibility.spec.ts" timestamp="2025-10-25T05:31:29.468Z" hostname="chromium" tests="14" failures="0" skipped="0" time="20.793" errors="0">
<testcase name="Accessibility Tests › Homepage should be accessible" classname="accessibility.spec.ts" time="1.449">
</testcase>
<testcase name="Accessibility Tests › Homepage should have proper color contrast" classname="accessibility.spec.ts" time="1.102">
</testcase>
<testcase name="Accessibility Tests › Homepage should support keyboard navigation" classname="accessibility.spec.ts" time="2.376">
</testcase>
<testcase name="Accessibility Tests › Career Page should be accessible" classname="accessibility.spec.ts" time="1.38">
</testcase>
<testcase name="Accessibility Tests › Career Page should have proper color contrast" classname="accessibility.spec.ts" time="1.33">
</testcase>
<testcase name="Accessibility Tests › Career Page should support keyboard navigation" classname="accessibility.spec.ts" time="2.353">
</testcase>
<testcase name="Accessibility Tests › Dev Experience Page should be accessible" classname="accessibility.spec.ts" time="2.178">
</testcase>
<testcase name="Accessibility Tests › Dev Experience Page should have proper color contrast" classname="accessibility.spec.ts" time="1.66">
</testcase>
<testcase name="Accessibility Tests › Dev Experience Page should support keyboard navigation" classname="accessibility.spec.ts" time="1.63">
</testcase>
<testcase name="Accessibility Tests › Publications Page should be accessible" classname="accessibility.spec.ts" time="1.235">
</testcase>
<testcase name="Accessibility Tests › Publications Page should have proper color contrast" classname="accessibility.spec.ts" time="1.05">
</testcase>
<testcase name="Accessibility Tests › Publications Page should support keyboard navigation" classname="accessibility.spec.ts" time="1.821">
</testcase>
<testcase name="Accessibility Tests › Should handle 404 page accessibility" classname="accessibility.spec.ts" time="0.696">
</testcase>
<testcase name="Accessibility Tests › Should handle error states accessibly" classname="accessibility.spec.ts" time="0.533">
</testcase>
</testsuite>
<testsuite name="career.spec.ts" timestamp="2025-10-25T05:31:29.468Z" hostname="chromium" tests="5" failures="0" skipped="0" time="3.537" errors="0">
<testcase name="Career Page › should load and display career timeline" classname="career.spec.ts" time="0.536">
</testcase>
<testcase name="Career Page › should display timeline in chronological order" classname="career.spec.ts" time="0.481">
</testcase>
<testcase name="Career Page › should have proper semantic structure" classname="career.spec.ts" time="0.584">
</testcase>
<testcase name="Career Page › should be responsive on mobile" classname="career.spec.ts" time="0.845">
</testcase>
<testcase name="Career Page › should navigate back to home" classname="career.spec.ts" time="1.091">
</testcase>
</testsuite>
<testsuite name="dev-experience.spec.ts" timestamp="2025-10-25T05:31:29.468Z" hostname="chromium" tests="6" failures="0" skipped="0" time="8.806" errors="0">
<testcase name="Development Experience Page › should load and display technology grid" classname="dev-experience.spec.ts" time="0.804">
</testcase>
<testcase name="Development Experience Page › should have working filters" classname="dev-experience.spec.ts" time="1.058">
</testcase>
<testcase name="Development Experience Page › should display proficiency legend" classname="dev-experience.spec.ts" time="1.152">
</testcase>
<testcase name="Development Experience Page › should open project modal when clicking technology with projects" classname="dev-experience.spec.ts" time="1.492">
</testcase>
<testcase name="Development Experience Page › should handle keyboard navigation" classname="dev-experience.spec.ts" time="2.841">
</testcase>
<testcase name="Development Experience Page › should be responsive on mobile" classname="dev-experience.spec.ts" time="1.459">
</testcase>
</testsuite>
<testsuite name="homepage.spec.ts" timestamp="2025-10-25T05:31:29.468Z" hostname="chromium" tests="5" failures="0" skipped="0" time="8.034" errors="0">
<testcase name="Homepage › should load and display main content" classname="homepage.spec.ts" time="1.241">
</testcase>
<testcase name="Homepage › should have working navigation" classname="homepage.spec.ts" time="2.868">
</testcase>
<testcase name="Homepage › should display updates list" classname="homepage.spec.ts" time="1.217">
</testcase>
<testcase name="Homepage › should have accessible navigation" classname="homepage.spec.ts" time="1.204">
</testcase>
<testcase name="Homepage › should be responsive on mobile" classname="homepage.spec.ts" time="1.504">
</testcase>
</testsuite>
<testsuite name="performance.spec.ts" timestamp="2025-10-25T05:31:29.468Z" hostname="chromium" tests="7" failures="0" skipped="0" time="12.858" errors="0">
<testcase name="Performance Tests › Homepage should load within acceptable time" classname="performance.spec.ts" time="2.172">
</testcase>
<testcase name="Performance Tests › Should have good Core Web Vitals" classname="performance.spec.ts" time="3.207">
<system-out>
<![CDATA[Performance metrics: {}
]]>
</system-out>
</testcase>
<testcase name="Performance Tests › Images should load efficiently" classname="performance.spec.ts" time="0.864">
</testcase>
<testcase name="Performance Tests › Should not have console errors" classname="performance.spec.ts" time="2.02">
</testcase>
<testcase name="Performance Tests › Should handle network failures gracefully" classname="performance.spec.ts" time="1.324">
</testcase>
<testcase name="Performance Tests › Should be efficient on mobile devices" classname="performance.spec.ts" time="1.526">
</testcase>
<testcase name="Performance Tests › Should handle large datasets efficiently" classname="performance.spec.ts" time="1.745">
</testcase>
</testsuite>
<testsuite name="publications.spec.ts" timestamp="2025-10-25T05:31:29.468Z" hostname="chromium" tests="9" failures="0" skipped="0" time="5.342" errors="0">
<testcase name="Publications Page › should load and display publications list" classname="publications.spec.ts" time="0.727">
</testcase>
<testcase name="Publications Page › should have working publication filters" classname="publications.spec.ts" time="0.684">
</testcase>
<testcase name="Publications Page › should display publication badges correctly" classname="publications.spec.ts" time="0.502">
</testcase>
<testcase name="Publications Page › should have working DOI links" classname="publications.spec.ts" time="0.487">
</testcase>
<testcase name="Publications Page › should display publications in chronological order" classname="publications.spec.ts" time="0.463">
</testcase>
<testcase name="Publications Page › should show results count when filtering" classname="publications.spec.ts" time="0.642">
</testcase>
<testcase name="Publications Page › should handle keyboard navigation for filters" classname="publications.spec.ts" time="0.651">
</testcase>
<testcase name="Publications Page › should be responsive on mobile" classname="publications.spec.ts" time="0.609">
</testcase>
<testcase name="Publications Page › should display additional information section" classname="publications.spec.ts" time="0.577">
</testcase>
</testsuite>
</testsuites>