<testsuites id="" name="" tests="46" failures="0" skipped="0" errors="0" time="22.617044999999997">
<testsuite name="accessibility.spec.ts" timestamp="2025-10-25T08:28:37.849Z" hostname="chromium" tests="14" failures="0" skipped="0" time="45.383" errors="0">
<testcase name="Accessibility Tests › Homepage should be accessible" classname="accessibility.spec.ts" time="4.129">
</testcase>
<testcase name="Accessibility Tests › Homepage should have proper color contrast" classname="accessibility.spec.ts" time="3.632">
</testcase>
<testcase name="Accessibility Tests › Homepage should support keyboard navigation" classname="accessibility.spec.ts" time="6.871">
</testcase>
<testcase name="Accessibility Tests › Career Page should be accessible" classname="accessibility.spec.ts" time="4.449">
</testcase>
<testcase name="Accessibility Tests › Career Page should have proper color contrast" classname="accessibility.spec.ts" time="4.388">
</testcase>
<testcase name="Accessibility Tests › Career Page should support keyboard navigation" classname="accessibility.spec.ts" time="6.458">
</testcase>
<testcase name="Accessibility Tests › Dev Experience Page should be accessible" classname="accessibility.spec.ts" time="2.62">
</testcase>
<testcase name="Accessibility Tests › Dev Experience Page should have proper color contrast" classname="accessibility.spec.ts" time="1.765">
</testcase>
<testcase name="Accessibility Tests › Dev Experience Page should support keyboard navigation" classname="accessibility.spec.ts" time="3.075">
</testcase>
<testcase name="Accessibility Tests › Publications Page should be accessible" classname="accessibility.spec.ts" time="1.859">
</testcase>
<testcase name="Accessibility Tests › Publications Page should have proper color contrast" classname="accessibility.spec.ts" time="1.3">
</testcase>
<testcase name="Accessibility Tests › Publications Page should support keyboard navigation" classname="accessibility.spec.ts" time="2.624">
</testcase>
<testcase name="Accessibility Tests › Should handle 404 page accessibility" classname="accessibility.spec.ts" time="1.068">
</testcase>
<testcase name="Accessibility Tests › Should handle error states accessibly" classname="accessibility.spec.ts" time="1.145">
</testcase>
</testsuite>
<testsuite name="career.spec.ts" timestamp="2025-10-25T08:28:37.849Z" hostname="chromium" tests="5" failures="0" skipped="0" time="8.109" errors="0">
<testcase name="Career Page › should load and display career timeline" classname="career.spec.ts" time="1.395">
</testcase>
<testcase name="Career Page › should display timeline in chronological order" classname="career.spec.ts" time="1.162">
</testcase>
<testcase name="Career Page › should have proper semantic structure" classname="career.spec.ts" time="1.56">
</testcase>
<testcase name="Career Page › should be responsive on mobile" classname="career.spec.ts" time="2.43">
</testcase>
<testcase name="Career Page › should navigate back to home" classname="career.spec.ts" time="1.562">
</testcase>
</testsuite>
<testsuite name="dev-experience.spec.ts" timestamp="2025-10-25T08:28:37.849Z" hostname="chromium" tests="6" failures="0" skipped="0" time="10.806" errors="0">
<testcase name="Development Experience Page › should load and display technology grid" classname="dev-experience.spec.ts" time="1.643">
</testcase>
<testcase name="Development Experience Page › should have working filters" classname="dev-experience.spec.ts" time="1.493">
</testcase>
<testcase name="Development Experience Page › should display proficiency legend" classname="dev-experience.spec.ts" time="1.036">
</testcase>
<testcase name="Development Experience Page › should open project modal when clicking technology with projects" classname="dev-experience.spec.ts" time="1.46">
</testcase>
<testcase name="Development Experience Page › should handle keyboard navigation" classname="dev-experience.spec.ts" time="3.489">
</testcase>
<testcase name="Development Experience Page › should be responsive on mobile" classname="dev-experience.spec.ts" time="1.685">
</testcase>
</testsuite>
<testsuite name="homepage.spec.ts" timestamp="2025-10-25T08:28:37.849Z" hostname="chromium" tests="5" failures="0" skipped="0" time="10.473" errors="0">
<testcase name="Homepage › should load and display main content" classname="homepage.spec.ts" time="1.559">
</testcase>
<testcase name="Homepage › should have working navigation" classname="homepage.spec.ts" time="3.75">
</testcase>
<testcase name="Homepage › should display updates list" classname="homepage.spec.ts" time="1.729">
</testcase>
<testcase name="Homepage › should have accessible navigation" classname="homepage.spec.ts" time="1.989">
</testcase>
<testcase name="Homepage › should be responsive on mobile" classname="homepage.spec.ts" time="1.446">
</testcase>
</testsuite>
<testsuite name="performance.spec.ts" timestamp="2025-10-25T08:28:37.849Z" hostname="chromium" tests="7" failures="0" skipped="0" time="16.287" errors="0">
<testcase name="Performance Tests › Homepage should load within acceptable time" classname="performance.spec.ts" time="2.805">
</testcase>
<testcase name="Performance Tests › Should have good Core Web Vitals" classname="performance.spec.ts" time="4.524">
<system-out>
<![CDATA[Performance metrics: {}
]]>
</system-out>
</testcase>
<testcase name="Performance Tests › Images should load efficiently" classname="performance.spec.ts" time="1.432">
</testcase>
<testcase name="Performance Tests › Should not have console errors" classname="performance.spec.ts" time="2.107">
</testcase>
<testcase name="Performance Tests › Should handle network failures gracefully" classname="performance.spec.ts" time="1.337">
</testcase>
<testcase name="Performance Tests › Should be efficient on mobile devices" classname="performance.spec.ts" time="1.862">
</testcase>
<testcase name="Performance Tests › Should handle large datasets efficiently" classname="performance.spec.ts" time="2.22">
</testcase>
</testsuite>
<testsuite name="publications.spec.ts" timestamp="2025-10-25T08:28:37.849Z" hostname="chromium" tests="9" failures="0" skipped="0" time="10.346" errors="0">
<testcase name="Publications Page › should load and display publications list" classname="publications.spec.ts" time="1.043">
</testcase>
<testcase name="Publications Page › should have working publication filters" classname="publications.spec.ts" time="1.239">
</testcase>
<testcase name="Publications Page › should display publication badges correctly" classname="publications.spec.ts" time="1.137">
</testcase>
<testcase name="Publications Page › should have working DOI links" classname="publications.spec.ts" time="1.334">
</testcase>
<testcase name="Publications Page › should display publications in chronological order" classname="publications.spec.ts" time="1.009">
</testcase>
<testcase name="Publications Page › should show results count when filtering" classname="publications.spec.ts" time="1.092">
</testcase>
<testcase name="Publications Page › should handle keyboard navigation for filters" classname="publications.spec.ts" time="1.26">
</testcase>
<testcase name="Publications Page › should be responsive on mobile" classname="publications.spec.ts" time="1.097">
</testcase>
<testcase name="Publications Page › should display additional information section" classname="publications.spec.ts" time="1.135">
</testcase>
</testsuite>
</testsuites>