<testsuites id="" name="" tests="48" failures="48" skipped="0" errors="0" time="17.219244">
<testsuite name="career.spec.ts" timestamp="2026-01-21T02:00:11.287Z" hostname="chromium" tests="8" failures="8" skipped="0" time="0.119" errors="0">
<testcase name="Career Page › should load and display career timeline" classname="career.spec.ts" time="0.012">
<failure message="career.spec.ts:8:7 should load and display career timeline" type="FAILURE">
<![CDATA[  [chromium] › career.spec.ts:8:7 › Career Page › should load and display career timeline ──────────

    Error: browserType.launch: Executable doesn't exist at C:\Users\Koshi\AppData\Local\ms-playwright\chromium_headless_shell-1200\chrome-headless-shell-win64\chrome-headless-shell.exe
    ╔═════════════════════════════════════════════════════════════════════════╗
    ║ Looks like Playwright Test or Playwright was just installed or updated. ║
    ║ Please run the following command to download new browsers:              ║
    ║                                                                         ║
    ║     npx playwright install                                              ║
    ║                                                                         ║
    ║ <3 Playwright Team                                                      ║
    ╚═════════════════════════════════════════════════════════════════════════╝
]]>
</failure>
</testcase>
<testcase name="Career Page › should display timeline in chronological order" classname="career.spec.ts" time="0.013">
<failure message="career.spec.ts:21:7 should display timeline in chronological order" type="FAILURE">
<![CDATA[  [chromium] › career.spec.ts:21:7 › Career Page › should display timeline in chronological order ──

    Error: browserType.launch: Executable doesn't exist at C:\Users\Koshi\AppData\Local\ms-playwright\chromium_headless_shell-1200\chrome-headless-shell-win64\chrome-headless-shell.exe
    ╔═════════════════════════════════════════════════════════════════════════╗
    ║ Looks like Playwright Test or Playwright was just installed or updated. ║
    ║ Please run the following command to download new browsers:              ║
    ║                                                                         ║
    ║     npx playwright install                                              ║
    ║                                                                         ║
    ║ <3 Playwright Team                                                      ║
    ╚═════════════════════════════════════════════════════════════════════════╝
]]>
</failure>
</testcase>
<testcase name="Career Page › should have proper semantic structure" classname="career.spec.ts" time="0.015">
<failure message="career.spec.ts:32:7 should have proper semantic structure" type="FAILURE">
<![CDATA[  [chromium] › career.spec.ts:32:7 › Career Page › should have proper semantic structure ───────────

    Error: browserType.launch: Executable doesn't exist at C:\Users\Koshi\AppData\Local\ms-playwright\chromium_headless_shell-1200\chrome-headless-shell-win64\chrome-headless-shell.exe
    ╔═════════════════════════════════════════════════════════════════════════╗
    ║ Looks like Playwright Test or Playwright was just installed or updated. ║
    ║ Please run the following command to download new browsers:              ║
    ║                                                                         ║
    ║     npx playwright install                                              ║
    ║                                                                         ║
    ║ <3 Playwright Team                                                      ║
    ╚═════════════════════════════════════════════════════════════════════════╝
]]>
</failure>
</testcase>
<testcase name="Career Page › should be responsive on mobile" classname="career.spec.ts" time="0.015">
<failure message="career.spec.ts:45:7 should be responsive on mobile" type="FAILURE">
<![CDATA[  [chromium] › career.spec.ts:45:7 › Career Page › should be responsive on mobile ──────────────────

    Error: browserType.launch: Executable doesn't exist at C:\Users\Koshi\AppData\Local\ms-playwright\chromium_headless_shell-1200\chrome-headless-shell-win64\chrome-headless-shell.exe
    ╔═════════════════════════════════════════════════════════════════════════╗
    ║ Looks like Playwright Test or Playwright was just installed or updated. ║
    ║ Please run the following command to download new browsers:              ║
    ║                                                                         ║
    ║     npx playwright install                                              ║
    ║                                                                         ║
    ║ <3 Playwright Team                                                      ║
    ╚═════════════════════════════════════════════════════════════════════════╝
]]>
</failure>
</testcase>
<testcase name="Career Page › should navigate back to home" classname="career.spec.ts" time="0.015">
<failure message="career.spec.ts:70:7 should navigate back to home" type="FAILURE">
<![CDATA[  [chromium] › career.spec.ts:70:7 › Career Page › should navigate back to home ────────────────────

    Error: browserType.launch: Executable doesn't exist at C:\Users\Koshi\AppData\Local\ms-playwright\chromium_headless_shell-1200\chrome-headless-shell-win64\chrome-headless-shell.exe
    ╔═════════════════════════════════════════════════════════════════════════╗
    ║ Looks like Playwright Test or Playwright was just installed or updated. ║
    ║ Please run the following command to download new browsers:              ║
    ║                                                                         ║
    ║     npx playwright install                                              ║
    ║                                                                         ║
    ║ <3 Playwright Team                                                      ║
    ╚═════════════════════════════════════════════════════════════════════════╝
]]>
</failure>
</testcase>
<testcase name="Career Page › should be responsive on tablet" classname="career.spec.ts" time="0.023">
<failure message="career.spec.ts:77:7 should be responsive on tablet" type="FAILURE">
<![CDATA[  [chromium] › career.spec.ts:77:7 › Career Page › should be responsive on tablet ──────────────────

    Error: browserType.launch: Executable doesn't exist at C:\Users\Koshi\AppData\Local\ms-playwright\chromium_headless_shell-1200\chrome-headless-shell-win64\chrome-headless-shell.exe
    ╔═════════════════════════════════════════════════════════════════════════╗
    ║ Looks like Playwright Test or Playwright was just installed or updated. ║
    ║ Please run the following command to download new browsers:              ║
    ║                                                                         ║
    ║     npx playwright install                                              ║
    ║                                                                         ║
    ║ <3 Playwright Team                                                      ║
    ╚═════════════════════════════════════════════════════════════════════════╝
]]>
</failure>
</testcase>
<testcase name="Career Page › should be responsive on desktop" classname="career.spec.ts" time="0.013">
<failure message="career.spec.ts:98:7 should be responsive on desktop" type="FAILURE">
<![CDATA[  [chromium] › career.spec.ts:98:7 › Career Page › should be responsive on desktop ─────────────────

    Error: browserType.launch: Executable doesn't exist at C:\Users\Koshi\AppData\Local\ms-playwright\chromium_headless_shell-1200\chrome-headless-shell-win64\chrome-headless-shell.exe
    ╔═════════════════════════════════════════════════════════════════════════╗
    ║ Looks like Playwright Test or Playwright was just installed or updated. ║
    ║ Please run the following command to download new browsers:              ║
    ║                                                                         ║
    ║     npx playwright install                                              ║
    ║                                                                         ║
    ║ <3 Playwright Team                                                      ║
    ╚═════════════════════════════════════════════════════════════════════════╝
]]>
</failure>
</testcase>
<testcase name="Career Page › should toggle timeline order" classname="career.spec.ts" time="0.013">
<failure message="career.spec.ts:118:7 should toggle timeline order" type="FAILURE">
<![CDATA[  [chromium] › career.spec.ts:118:7 › Career Page › should toggle timeline order ───────────────────

    Error: browserType.launch: Executable doesn't exist at C:\Users\Koshi\AppData\Local\ms-playwright\chromium_headless_shell-1200\chrome-headless-shell-win64\chrome-headless-shell.exe
    ╔═════════════════════════════════════════════════════════════════════════╗
    ║ Looks like Playwright Test or Playwright was just installed or updated. ║
    ║ Please run the following command to download new browsers:              ║
    ║                                                                         ║
    ║     npx playwright install                                              ║
    ║                                                                         ║
    ║ <3 Playwright Team                                                      ║
    ╚═════════════════════════════════════════════════════════════════════════╝
]]>
</failure>
</testcase>
</testsuite>
<testsuite name="career.spec.ts" timestamp="2026-01-21T02:00:11.287Z" hostname="firefox" tests="8" failures="8" skipped="0" time="0.127" errors="0">
<testcase name="Career Page › should load and display career timeline" classname="career.spec.ts" time="0.02">
<failure message="career.spec.ts:8:7 should load and display career timeline" type="FAILURE">
<![CDATA[  [firefox] › career.spec.ts:8:7 › Career Page › should load and display career timeline ───────────

    Error: browserType.launch: Executable doesn't exist at C:\Users\Koshi\AppData\Local\ms-playwright\firefox-1497\firefox\firefox.exe
    ╔═════════════════════════════════════════════════════════════════════════╗
    ║ Looks like Playwright Test or Playwright was just installed or updated. ║
    ║ Please run the following command to download new browsers:              ║
    ║                                                                         ║
    ║     npx playwright install                                              ║
    ║                                                                         ║
    ║ <3 Playwright Team                                                      ║
    ╚═════════════════════════════════════════════════════════════════════════╝
]]>
</failure>
</testcase>
<testcase name="Career Page › should display timeline in chronological order" classname="career.spec.ts" time="0.013">
<failure message="career.spec.ts:21:7 should display timeline in chronological order" type="FAILURE">
<![CDATA[  [firefox] › career.spec.ts:21:7 › Career Page › should display timeline in chronological order ───

    Error: browserType.launch: Executable doesn't exist at C:\Users\Koshi\AppData\Local\ms-playwright\firefox-1497\firefox\firefox.exe
    ╔═════════════════════════════════════════════════════════════════════════╗
    ║ Looks like Playwright Test or Playwright was just installed or updated. ║
    ║ Please run the following command to download new browsers:              ║
    ║                                                                         ║
    ║     npx playwright install                                              ║
    ║                                                                         ║
    ║ <3 Playwright Team                                                      ║
    ╚═════════════════════════════════════════════════════════════════════════╝
]]>
</failure>
</testcase>
<testcase name="Career Page › should have proper semantic structure" classname="career.spec.ts" time="0.014">
<failure message="career.spec.ts:32:7 should have proper semantic structure" type="FAILURE">
<![CDATA[  [firefox] › career.spec.ts:32:7 › Career Page › should have proper semantic structure ────────────

    Error: browserType.launch: Executable doesn't exist at C:\Users\Koshi\AppData\Local\ms-playwright\firefox-1497\firefox\firefox.exe
    ╔═════════════════════════════════════════════════════════════════════════╗
    ║ Looks like Playwright Test or Playwright was just installed or updated. ║
    ║ Please run the following command to download new browsers:              ║
    ║                                                                         ║
    ║     npx playwright install                                              ║
    ║                                                                         ║
    ║ <3 Playwright Team                                                      ║
    ╚═════════════════════════════════════════════════════════════════════════╝
]]>
</failure>
</testcase>
<testcase name="Career Page › should be responsive on mobile" classname="career.spec.ts" time="0.018">
<failure message="career.spec.ts:45:7 should be responsive on mobile" type="FAILURE">
<![CDATA[  [firefox] › career.spec.ts:45:7 › Career Page › should be responsive on mobile ───────────────────

    Error: browserType.launch: Executable doesn't exist at C:\Users\Koshi\AppData\Local\ms-playwright\firefox-1497\firefox\firefox.exe
    ╔═════════════════════════════════════════════════════════════════════════╗
    ║ Looks like Playwright Test or Playwright was just installed or updated. ║
    ║ Please run the following command to download new browsers:              ║
    ║                                                                         ║
    ║     npx playwright install                                              ║
    ║                                                                         ║
    ║ <3 Playwright Team                                                      ║
    ╚═════════════════════════════════════════════════════════════════════════╝
]]>
</failure>
</testcase>
<testcase name="Career Page › should navigate back to home" classname="career.spec.ts" time="0.014">
<failure message="career.spec.ts:70:7 should navigate back to home" type="FAILURE">
<![CDATA[  [firefox] › career.spec.ts:70:7 › Career Page › should navigate back to home ─────────────────────

    Error: browserType.launch: Executable doesn't exist at C:\Users\Koshi\AppData\Local\ms-playwright\firefox-1497\firefox\firefox.exe
    ╔═════════════════════════════════════════════════════════════════════════╗
    ║ Looks like Playwright Test or Playwright was just installed or updated. ║
    ║ Please run the following command to download new browsers:              ║
    ║                                                                         ║
    ║     npx playwright install                                              ║
    ║                                                                         ║
    ║ <3 Playwright Team                                                      ║
    ╚═════════════════════════════════════════════════════════════════════════╝
]]>
</failure>
</testcase>
<testcase name="Career Page › should be responsive on tablet" classname="career.spec.ts" time="0.021">
<failure message="career.spec.ts:77:7 should be responsive on tablet" type="FAILURE">
<![CDATA[  [firefox] › career.spec.ts:77:7 › Career Page › should be responsive on tablet ───────────────────

    Error: browserType.launch: Executable doesn't exist at C:\Users\Koshi\AppData\Local\ms-playwright\firefox-1497\firefox\firefox.exe
    ╔═════════════════════════════════════════════════════════════════════════╗
    ║ Looks like Playwright Test or Playwright was just installed or updated. ║
    ║ Please run the following command to download new browsers:              ║
    ║                                                                         ║
    ║     npx playwright install                                              ║
    ║                                                                         ║
    ║ <3 Playwright Team                                                      ║
    ╚═════════════════════════════════════════════════════════════════════════╝
]]>
</failure>
</testcase>
<testcase name="Career Page › should be responsive on desktop" classname="career.spec.ts" time="0.012">
<failure message="career.spec.ts:98:7 should be responsive on desktop" type="FAILURE">
<![CDATA[  [firefox] › career.spec.ts:98:7 › Career Page › should be responsive on desktop ──────────────────

    Error: browserType.launch: Executable doesn't exist at C:\Users\Koshi\AppData\Local\ms-playwright\firefox-1497\firefox\firefox.exe
    ╔═════════════════════════════════════════════════════════════════════════╗
    ║ Looks like Playwright Test or Playwright was just installed or updated. ║
    ║ Please run the following command to download new browsers:              ║
    ║                                                                         ║
    ║     npx playwright install                                              ║
    ║                                                                         ║
    ║ <3 Playwright Team                                                      ║
    ╚═════════════════════════════════════════════════════════════════════════╝
]]>
</failure>
</testcase>
<testcase name="Career Page › should toggle timeline order" classname="career.spec.ts" time="0.015">
<failure message="career.spec.ts:118:7 should toggle timeline order" type="FAILURE">
<![CDATA[  [firefox] › career.spec.ts:118:7 › Career Page › should toggle timeline order ────────────────────

    Error: browserType.launch: Executable doesn't exist at C:\Users\Koshi\AppData\Local\ms-playwright\firefox-1497\firefox\firefox.exe
    ╔═════════════════════════════════════════════════════════════════════════╗
    ║ Looks like Playwright Test or Playwright was just installed or updated. ║
    ║ Please run the following command to download new browsers:              ║
    ║                                                                         ║
    ║     npx playwright install                                              ║
    ║                                                                         ║
    ║ <3 Playwright Team                                                      ║
    ╚═════════════════════════════════════════════════════════════════════════╝
]]>
</failure>
</testcase>
</testsuite>
<testsuite name="career.spec.ts" timestamp="2026-01-21T02:00:11.287Z" hostname="webkit" tests="8" failures="8" skipped="0" time="0.112" errors="0">
<testcase name="Career Page › should load and display career timeline" classname="career.spec.ts" time="0.016">
<failure message="career.spec.ts:8:7 should load and display career timeline" type="FAILURE">
<![CDATA[  [webkit] › career.spec.ts:8:7 › Career Page › should load and display career timeline ────────────

    Error: browserType.launch: Executable doesn't exist at C:\Users\Koshi\AppData\Local\ms-playwright\webkit-2227\Playwright.exe
    ╔═════════════════════════════════════════════════════════════════════════╗
    ║ Looks like Playwright Test or Playwright was just installed or updated. ║
    ║ Please run the following command to download new browsers:              ║
    ║                                                                         ║
    ║     npx playwright install                                              ║
    ║                                                                         ║
    ║ <3 Playwright Team                                                      ║
    ╚═════════════════════════════════════════════════════════════════════════╝
]]>
</failure>
</testcase>
<testcase name="Career Page › should display timeline in chronological order" classname="career.spec.ts" time="0.019">
<failure message="career.spec.ts:21:7 should display timeline in chronological order" type="FAILURE">
<![CDATA[  [webkit] › career.spec.ts:21:7 › Career Page › should display timeline in chronological order ────

    Error: browserType.launch: Executable doesn't exist at C:\Users\Koshi\AppData\Local\ms-playwright\webkit-2227\Playwright.exe
    ╔═════════════════════════════════════════════════════════════════════════╗
    ║ Looks like Playwright Test or Playwright was just installed or updated. ║
    ║ Please run the following command to download new browsers:              ║
    ║                                                                         ║
    ║     npx playwright install                                              ║
    ║                                                                         ║
    ║ <3 Playwright Team                                                      ║
    ╚═════════════════════════════════════════════════════════════════════════╝
]]>
</failure>
</testcase>
<testcase name="Career Page › should have proper semantic structure" classname="career.spec.ts" time="0.012">
<failure message="career.spec.ts:32:7 should have proper semantic structure" type="FAILURE">
<![CDATA[  [webkit] › career.spec.ts:32:7 › Career Page › should have proper semantic structure ─────────────

    Error: browserType.launch: Executable doesn't exist at C:\Users\Koshi\AppData\Local\ms-playwright\webkit-2227\Playwright.exe
    ╔═════════════════════════════════════════════════════════════════════════╗
    ║ Looks like Playwright Test or Playwright was just installed or updated. ║
    ║ Please run the following command to download new browsers:              ║
    ║                                                                         ║
    ║     npx playwright install                                              ║
    ║                                                                         ║
    ║ <3 Playwright Team                                                      ║
    ╚═════════════════════════════════════════════════════════════════════════╝
]]>
</failure>
</testcase>
<testcase name="Career Page › should be responsive on mobile" classname="career.spec.ts" time="0.012">
<failure message="career.spec.ts:45:7 should be responsive on mobile" type="FAILURE">
<![CDATA[  [webkit] › career.spec.ts:45:7 › Career Page › should be responsive on mobile ────────────────────

    Error: browserType.launch: Executable doesn't exist at C:\Users\Koshi\AppData\Local\ms-playwright\webkit-2227\Playwright.exe
    ╔═════════════════════════════════════════════════════════════════════════╗
    ║ Looks like Playwright Test or Playwright was just installed or updated. ║
    ║ Please run the following command to download new browsers:              ║
    ║                                                                         ║
    ║     npx playwright install                                              ║
    ║                                                                         ║
    ║ <3 Playwright Team                                                      ║
    ╚═════════════════════════════════════════════════════════════════════════╝
]]>
</failure>
</testcase>
<testcase name="Career Page › should navigate back to home" classname="career.spec.ts" time="0.01">
<failure message="career.spec.ts:70:7 should navigate back to home" type="FAILURE">
<![CDATA[  [webkit] › career.spec.ts:70:7 › Career Page › should navigate back to home ──────────────────────

    Error: browserType.launch: Executable doesn't exist at C:\Users\Koshi\AppData\Local\ms-playwright\webkit-2227\Playwright.exe
    ╔═════════════════════════════════════════════════════════════════════════╗
    ║ Looks like Playwright Test or Playwright was just installed or updated. ║
    ║ Please run the following command to download new browsers:              ║
    ║                                                                         ║
    ║     npx playwright install                                              ║
    ║                                                                         ║
    ║ <3 Playwright Team                                                      ║
    ╚═════════════════════════════════════════════════════════════════════════╝
]]>
</failure>
</testcase>
<testcase name="Career Page › should be responsive on tablet" classname="career.spec.ts" time="0.011">
<failure message="career.spec.ts:77:7 should be responsive on tablet" type="FAILURE">
<![CDATA[  [webkit] › career.spec.ts:77:7 › Career Page › should be responsive on tablet ────────────────────

    Error: browserType.launch: Executable doesn't exist at C:\Users\Koshi\AppData\Local\ms-playwright\webkit-2227\Playwright.exe
    ╔═════════════════════════════════════════════════════════════════════════╗
    ║ Looks like Playwright Test or Playwright was just installed or updated. ║
    ║ Please run the following command to download new browsers:              ║
    ║                                                                         ║
    ║     npx playwright install                                              ║
    ║                                                                         ║
    ║ <3 Playwright Team                                                      ║
    ╚═════════════════════════════════════════════════════════════════════════╝
]]>
</failure>
</testcase>
<testcase name="Career Page › should be responsive on desktop" classname="career.spec.ts" time="0.014">
<failure message="career.spec.ts:98:7 should be responsive on desktop" type="FAILURE">
<![CDATA[  [webkit] › career.spec.ts:98:7 › Career Page › should be responsive on desktop ───────────────────

    Error: browserType.launch: Executable doesn't exist at C:\Users\Koshi\AppData\Local\ms-playwright\webkit-2227\Playwright.exe
    ╔═════════════════════════════════════════════════════════════════════════╗
    ║ Looks like Playwright Test or Playwright was just installed or updated. ║
    ║ Please run the following command to download new browsers:              ║
    ║                                                                         ║
    ║     npx playwright install                                              ║
    ║                                                                         ║
    ║ <3 Playwright Team                                                      ║
    ╚═════════════════════════════════════════════════════════════════════════╝
]]>
</failure>
</testcase>
<testcase name="Career Page › should toggle timeline order" classname="career.spec.ts" time="0.018">
<failure message="career.spec.ts:118:7 should toggle timeline order" type="FAILURE">
<![CDATA[  [webkit] › career.spec.ts:118:7 › Career Page › should toggle timeline order ─────────────────────

    Error: browserType.launch: Executable doesn't exist at C:\Users\Koshi\AppData\Local\ms-playwright\webkit-2227\Playwright.exe
    ╔═════════════════════════════════════════════════════════════════════════╗
    ║ Looks like Playwright Test or Playwright was just installed or updated. ║
    ║ Please run the following command to download new browsers:              ║
    ║                                                                         ║
    ║     npx playwright install                                              ║
    ║                                                                         ║
    ║ <3 Playwright Team                                                      ║
    ╚═════════════════════════════════════════════════════════════════════════╝
]]>
</failure>
</testcase>
</testsuite>
<testsuite name="career.spec.ts" timestamp="2026-01-21T02:00:11.287Z" hostname="Mobile Chrome" tests="8" failures="8" skipped="0" time="0.09" errors="0">
<testcase name="Career Page › should load and display career timeline" classname="career.spec.ts" time="0.01">
<failure message="career.spec.ts:8:7 should load and display career timeline" type="FAILURE">
<![CDATA[  [Mobile Chrome] › career.spec.ts:8:7 › Career Page › should load and display career timeline ─────

    Error: browserType.launch: Executable doesn't exist at C:\Users\Koshi\AppData\Local\ms-playwright\chromium_headless_shell-1200\chrome-headless-shell-win64\chrome-headless-shell.exe
    ╔═════════════════════════════════════════════════════════════════════════╗
    ║ Looks like Playwright Test or Playwright was just installed or updated. ║
    ║ Please run the following command to download new browsers:              ║
    ║                                                                         ║
    ║     npx playwright install                                              ║
    ║                                                                         ║
    ║ <3 Playwright Team                                                      ║
    ╚═════════════════════════════════════════════════════════════════════════╝
]]>
</failure>
</testcase>
<testcase name="Career Page › should display timeline in chronological order" classname="career.spec.ts" time="0.011">
<failure message="career.spec.ts:21:7 should display timeline in chronological order" type="FAILURE">
<![CDATA[  [Mobile Chrome] › career.spec.ts:21:7 › Career Page › should display timeline in chronological order 

    Error: browserType.launch: Executable doesn't exist at C:\Users\Koshi\AppData\Local\ms-playwright\chromium_headless_shell-1200\chrome-headless-shell-win64\chrome-headless-shell.exe
    ╔═════════════════════════════════════════════════════════════════════════╗
    ║ Looks like Playwright Test or Playwright was just installed or updated. ║
    ║ Please run the following command to download new browsers:              ║
    ║                                                                         ║
    ║     npx playwright install                                              ║
    ║                                                                         ║
    ║ <3 Playwright Team                                                      ║
    ╚═════════════════════════════════════════════════════════════════════════╝
]]>
</failure>
</testcase>
<testcase name="Career Page › should have proper semantic structure" classname="career.spec.ts" time="0.011">
<failure message="career.spec.ts:32:7 should have proper semantic structure" type="FAILURE">
<![CDATA[  [Mobile Chrome] › career.spec.ts:32:7 › Career Page › should have proper semantic structure ──────

    Error: browserType.launch: Executable doesn't exist at C:\Users\Koshi\AppData\Local\ms-playwright\chromium_headless_shell-1200\chrome-headless-shell-win64\chrome-headless-shell.exe
    ╔═════════════════════════════════════════════════════════════════════════╗
    ║ Looks like Playwright Test or Playwright was just installed or updated. ║
    ║ Please run the following command to download new browsers:              ║
    ║                                                                         ║
    ║     npx playwright install                                              ║
    ║                                                                         ║
    ║ <3 Playwright Team                                                      ║
    ╚═════════════════════════════════════════════════════════════════════════╝
]]>
</failure>
</testcase>
<testcase name="Career Page › should be responsive on mobile" classname="career.spec.ts" time="0.01">
<failure message="career.spec.ts:45:7 should be responsive on mobile" type="FAILURE">
<![CDATA[  [Mobile Chrome] › career.spec.ts:45:7 › Career Page › should be responsive on mobile ─────────────

    Error: browserType.launch: Executable doesn't exist at C:\Users\Koshi\AppData\Local\ms-playwright\chromium_headless_shell-1200\chrome-headless-shell-win64\chrome-headless-shell.exe
    ╔═════════════════════════════════════════════════════════════════════════╗
    ║ Looks like Playwright Test or Playwright was just installed or updated. ║
    ║ Please run the following command to download new browsers:              ║
    ║                                                                         ║
    ║     npx playwright install                                              ║
    ║                                                                         ║
    ║ <3 Playwright Team                                                      ║
    ╚═════════════════════════════════════════════════════════════════════════╝
]]>
</failure>
</testcase>
<testcase name="Career Page › should navigate back to home" classname="career.spec.ts" time="0.012">
<failure message="career.spec.ts:70:7 should navigate back to home" type="FAILURE">
<![CDATA[  [Mobile Chrome] › career.spec.ts:70:7 › Career Page › should navigate back to home ───────────────

    Error: browserType.launch: Executable doesn't exist at C:\Users\Koshi\AppData\Local\ms-playwright\chromium_headless_shell-1200\chrome-headless-shell-win64\chrome-headless-shell.exe
    ╔═════════════════════════════════════════════════════════════════════════╗
    ║ Looks like Playwright Test or Playwright was just installed or updated. ║
    ║ Please run the following command to download new browsers:              ║
    ║                                                                         ║
    ║     npx playwright install                                              ║
    ║                                                                         ║
    ║ <3 Playwright Team                                                      ║
    ╚═════════════════════════════════════════════════════════════════════════╝
]]>
</failure>
</testcase>
<testcase name="Career Page › should be responsive on tablet" classname="career.spec.ts" time="0.013">
<failure message="career.spec.ts:77:7 should be responsive on tablet" type="FAILURE">
<![CDATA[  [Mobile Chrome] › career.spec.ts:77:7 › Career Page › should be responsive on tablet ─────────────

    Error: browserType.launch: Executable doesn't exist at C:\Users\Koshi\AppData\Local\ms-playwright\chromium_headless_shell-1200\chrome-headless-shell-win64\chrome-headless-shell.exe
    ╔═════════════════════════════════════════════════════════════════════════╗
    ║ Looks like Playwright Test or Playwright was just installed or updated. ║
    ║ Please run the following command to download new browsers:              ║
    ║                                                                         ║
    ║     npx playwright install                                              ║
    ║                                                                         ║
    ║ <3 Playwright Team                                                      ║
    ╚═════════════════════════════════════════════════════════════════════════╝
]]>
</failure>
</testcase>
<testcase name="Career Page › should be responsive on desktop" classname="career.spec.ts" time="0.011">
<failure message="career.spec.ts:98:7 should be responsive on desktop" type="FAILURE">
<![CDATA[  [Mobile Chrome] › career.spec.ts:98:7 › Career Page › should be responsive on desktop ────────────

    Error: browserType.launch: Executable doesn't exist at C:\Users\Koshi\AppData\Local\ms-playwright\chromium_headless_shell-1200\chrome-headless-shell-win64\chrome-headless-shell.exe
    ╔═════════════════════════════════════════════════════════════════════════╗
    ║ Looks like Playwright Test or Playwright was just installed or updated. ║
    ║ Please run the following command to download new browsers:              ║
    ║                                                                         ║
    ║     npx playwright install                                              ║
    ║                                                                         ║
    ║ <3 Playwright Team                                                      ║
    ╚═════════════════════════════════════════════════════════════════════════╝
]]>
</failure>
</testcase>
<testcase name="Career Page › should toggle timeline order" classname="career.spec.ts" time="0.012">
<failure message="career.spec.ts:118:7 should toggle timeline order" type="FAILURE">
<![CDATA[  [Mobile Chrome] › career.spec.ts:118:7 › Career Page › should toggle timeline order ──────────────

    Error: browserType.launch: Executable doesn't exist at C:\Users\Koshi\AppData\Local\ms-playwright\chromium_headless_shell-1200\chrome-headless-shell-win64\chrome-headless-shell.exe
    ╔═════════════════════════════════════════════════════════════════════════╗
    ║ Looks like Playwright Test or Playwright was just installed or updated. ║
    ║ Please run the following command to download new browsers:              ║
    ║                                                                         ║
    ║     npx playwright install                                              ║
    ║                                                                         ║
    ║ <3 Playwright Team                                                      ║
    ╚═════════════════════════════════════════════════════════════════════════╝
]]>
</failure>
</testcase>
</testsuite>
<testsuite name="career.spec.ts" timestamp="2026-01-21T02:00:11.287Z" hostname="Mobile Safari" tests="8" failures="8" skipped="0" time="0.099" errors="0">
<testcase name="Career Page › should load and display career timeline" classname="career.spec.ts" time="0.014">
<failure message="career.spec.ts:8:7 should load and display career timeline" type="FAILURE">
<![CDATA[  [Mobile Safari] › career.spec.ts:8:7 › Career Page › should load and display career timeline ─────

    Error: browserType.launch: Executable doesn't exist at C:\Users\Koshi\AppData\Local\ms-playwright\webkit-2227\Playwright.exe
    ╔═════════════════════════════════════════════════════════════════════════╗
    ║ Looks like Playwright Test or Playwright was just installed or updated. ║
    ║ Please run the following command to download new browsers:              ║
    ║                                                                         ║
    ║     npx playwright install                                              ║
    ║                                                                         ║
    ║ <3 Playwright Team                                                      ║
    ╚═════════════════════════════════════════════════════════════════════════╝
]]>
</failure>
</testcase>
<testcase name="Career Page › should display timeline in chronological order" classname="career.spec.ts" time="0.013">
<failure message="career.spec.ts:21:7 should display timeline in chronological order" type="FAILURE">
<![CDATA[  [Mobile Safari] › career.spec.ts:21:7 › Career Page › should display timeline in chronological order 

    Error: browserType.launch: Executable doesn't exist at C:\Users\Koshi\AppData\Local\ms-playwright\webkit-2227\Playwright.exe
    ╔═════════════════════════════════════════════════════════════════════════╗
    ║ Looks like Playwright Test or Playwright was just installed or updated. ║
    ║ Please run the following command to download new browsers:              ║
    ║                                                                         ║
    ║     npx playwright install                                              ║
    ║                                                                         ║
    ║ <3 Playwright Team                                                      ║
    ╚═════════════════════════════════════════════════════════════════════════╝
]]>
</failure>
</testcase>
<testcase name="Career Page › should have proper semantic structure" classname="career.spec.ts" time="0.013">
<failure message="career.spec.ts:32:7 should have proper semantic structure" type="FAILURE">
<![CDATA[  [Mobile Safari] › career.spec.ts:32:7 › Career Page › should have proper semantic structure ──────

    Error: browserType.launch: Executable doesn't exist at C:\Users\Koshi\AppData\Local\ms-playwright\webkit-2227\Playwright.exe
    ╔═════════════════════════════════════════════════════════════════════════╗
    ║ Looks like Playwright Test or Playwright was just installed or updated. ║
    ║ Please run the following command to download new browsers:              ║
    ║                                                                         ║
    ║     npx playwright install                                              ║
    ║                                                                         ║
    ║ <3 Playwright Team                                                      ║
    ╚═════════════════════════════════════════════════════════════════════════╝
]]>
</failure>
</testcase>
<testcase name="Career Page › should be responsive on mobile" classname="career.spec.ts" time="0.013">
<failure message="career.spec.ts:45:7 should be responsive on mobile" type="FAILURE">
<![CDATA[  [Mobile Safari] › career.spec.ts:45:7 › Career Page › should be responsive on mobile ─────────────

    Error: browserType.launch: Executable doesn't exist at C:\Users\Koshi\AppData\Local\ms-playwright\webkit-2227\Playwright.exe
    ╔═════════════════════════════════════════════════════════════════════════╗
    ║ Looks like Playwright Test or Playwright was just installed or updated. ║
    ║ Please run the following command to download new browsers:              ║
    ║                                                                         ║
    ║     npx playwright install                                              ║
    ║                                                                         ║
    ║ <3 Playwright Team                                                      ║
    ╚═════════════════════════════════════════════════════════════════════════╝
]]>
</failure>
</testcase>
<testcase name="Career Page › should navigate back to home" classname="career.spec.ts" time="0.012">
<failure message="career.spec.ts:70:7 should navigate back to home" type="FAILURE">
<![CDATA[  [Mobile Safari] › career.spec.ts:70:7 › Career Page › should navigate back to home ───────────────

    Error: browserType.launch: Executable doesn't exist at C:\Users\Koshi\AppData\Local\ms-playwright\webkit-2227\Playwright.exe
    ╔═════════════════════════════════════════════════════════════════════════╗
    ║ Looks like Playwright Test or Playwright was just installed or updated. ║
    ║ Please run the following command to download new browsers:              ║
    ║                                                                         ║
    ║     npx playwright install                                              ║
    ║                                                                         ║
    ║ <3 Playwright Team                                                      ║
    ╚═════════════════════════════════════════════════════════════════════════╝
]]>
</failure>
</testcase>
<testcase name="Career Page › should be responsive on tablet" classname="career.spec.ts" time="0.012">
<failure message="career.spec.ts:77:7 should be responsive on tablet" type="FAILURE">
<![CDATA[  [Mobile Safari] › career.spec.ts:77:7 › Career Page › should be responsive on tablet ─────────────

    Error: browserType.launch: Executable doesn't exist at C:\Users\Koshi\AppData\Local\ms-playwright\webkit-2227\Playwright.exe
    ╔═════════════════════════════════════════════════════════════════════════╗
    ║ Looks like Playwright Test or Playwright was just installed or updated. ║
    ║ Please run the following command to download new browsers:              ║
    ║                                                                         ║
    ║     npx playwright install                                              ║
    ║                                                                         ║
    ║ <3 Playwright Team                                                      ║
    ╚═════════════════════════════════════════════════════════════════════════╝
]]>
</failure>
</testcase>
<testcase name="Career Page › should be responsive on desktop" classname="career.spec.ts" time="0.011">
<failure message="career.spec.ts:98:7 should be responsive on desktop" type="FAILURE">
<![CDATA[  [Mobile Safari] › career.spec.ts:98:7 › Career Page › should be responsive on desktop ────────────

    Error: browserType.launch: Executable doesn't exist at C:\Users\Koshi\AppData\Local\ms-playwright\webkit-2227\Playwright.exe
    ╔═════════════════════════════════════════════════════════════════════════╗
    ║ Looks like Playwright Test or Playwright was just installed or updated. ║
    ║ Please run the following command to download new browsers:              ║
    ║                                                                         ║
    ║     npx playwright install                                              ║
    ║                                                                         ║
    ║ <3 Playwright Team                                                      ║
    ╚═════════════════════════════════════════════════════════════════════════╝
]]>
</failure>
</testcase>
<testcase name="Career Page › should toggle timeline order" classname="career.spec.ts" time="0.011">
<failure message="career.spec.ts:118:7 should toggle timeline order" type="FAILURE">
<![CDATA[  [Mobile Safari] › career.spec.ts:118:7 › Career Page › should toggle timeline order ──────────────

    Error: browserType.launch: Executable doesn't exist at C:\Users\Koshi\AppData\Local\ms-playwright\webkit-2227\Playwright.exe
    ╔═════════════════════════════════════════════════════════════════════════╗
    ║ Looks like Playwright Test or Playwright was just installed or updated. ║
    ║ Please run the following command to download new browsers:              ║
    ║                                                                         ║
    ║     npx playwright install                                              ║
    ║                                                                         ║
    ║ <3 Playwright Team                                                      ║
    ╚═════════════════════════════════════════════════════════════════════════╝
]]>
</failure>
</testcase>
</testsuite>
<testsuite name="career.spec.ts" timestamp="2026-01-21T02:00:11.287Z" hostname="Tablet" tests="8" failures="8" skipped="0" time="0.101" errors="0">
<testcase name="Career Page › should load and display career timeline" classname="career.spec.ts" time="0.009">
<failure message="career.spec.ts:8:7 should load and display career timeline" type="FAILURE">
<![CDATA[  [Tablet] › career.spec.ts:8:7 › Career Page › should load and display career timeline ────────────

    Error: browserType.launch: Executable doesn't exist at C:\Users\Koshi\AppData\Local\ms-playwright\chromium_headless_shell-1200\chrome-headless-shell-win64\chrome-headless-shell.exe
    ╔═════════════════════════════════════════════════════════════════════════╗
    ║ Looks like Playwright Test or Playwright was just installed or updated. ║
    ║ Please run the following command to download new browsers:              ║
    ║                                                                         ║
    ║     npx playwright install                                              ║
    ║                                                                         ║
    ║ <3 Playwright Team                                                      ║
    ╚═════════════════════════════════════════════════════════════════════════╝
]]>
</failure>
</testcase>
<testcase name="Career Page › should display timeline in chronological order" classname="career.spec.ts" time="0.017">
<failure message="career.spec.ts:21:7 should display timeline in chronological order" type="FAILURE">
<![CDATA[  [Tablet] › career.spec.ts:21:7 › Career Page › should display timeline in chronological order ────

    Error: browserType.launch: Executable doesn't exist at C:\Users\Koshi\AppData\Local\ms-playwright\chromium_headless_shell-1200\chrome-headless-shell-win64\chrome-headless-shell.exe
    ╔═════════════════════════════════════════════════════════════════════════╗
    ║ Looks like Playwright Test or Playwright was just installed or updated. ║
    ║ Please run the following command to download new browsers:              ║
    ║                                                                         ║
    ║     npx playwright install                                              ║
    ║                                                                         ║
    ║ <3 Playwright Team                                                      ║
    ╚═════════════════════════════════════════════════════════════════════════╝
]]>
</failure>
</testcase>
<testcase name="Career Page › should have proper semantic structure" classname="career.spec.ts" time="0.013">
<failure message="career.spec.ts:32:7 should have proper semantic structure" type="FAILURE">
<![CDATA[  [Tablet] › career.spec.ts:32:7 › Career Page › should have proper semantic structure ─────────────

    Error: browserType.launch: Executable doesn't exist at C:\Users\Koshi\AppData\Local\ms-playwright\chromium_headless_shell-1200\chrome-headless-shell-win64\chrome-headless-shell.exe
    ╔═════════════════════════════════════════════════════════════════════════╗
    ║ Looks like Playwright Test or Playwright was just installed or updated. ║
    ║ Please run the following command to download new browsers:              ║
    ║                                                                         ║
    ║     npx playwright install                                              ║
    ║                                                                         ║
    ║ <3 Playwright Team                                                      ║
    ╚═════════════════════════════════════════════════════════════════════════╝
]]>
</failure>
</testcase>
<testcase name="Career Page › should be responsive on mobile" classname="career.spec.ts" time="0.016">
<failure message="career.spec.ts:45:7 should be responsive on mobile" type="FAILURE">
<![CDATA[  [Tablet] › career.spec.ts:45:7 › Career Page › should be responsive on mobile ────────────────────

    Error: browserType.launch: Executable doesn't exist at C:\Users\Koshi\AppData\Local\ms-playwright\chromium_headless_shell-1200\chrome-headless-shell-win64\chrome-headless-shell.exe
    ╔═════════════════════════════════════════════════════════════════════════╗
    ║ Looks like Playwright Test or Playwright was just installed or updated. ║
    ║ Please run the following command to download new browsers:              ║
    ║                                                                         ║
    ║     npx playwright install                                              ║
    ║                                                                         ║
    ║ <3 Playwright Team                                                      ║
    ╚═════════════════════════════════════════════════════════════════════════╝
]]>
</failure>
</testcase>
<testcase name="Career Page › should navigate back to home" classname="career.spec.ts" time="0.011">
<failure message="career.spec.ts:70:7 should navigate back to home" type="FAILURE">
<![CDATA[  [Tablet] › career.spec.ts:70:7 › Career Page › should navigate back to home ──────────────────────

    Error: browserType.launch: Executable doesn't exist at C:\Users\Koshi\AppData\Local\ms-playwright\chromium_headless_shell-1200\chrome-headless-shell-win64\chrome-headless-shell.exe
    ╔═════════════════════════════════════════════════════════════════════════╗
    ║ Looks like Playwright Test or Playwright was just installed or updated. ║
    ║ Please run the following command to download new browsers:              ║
    ║                                                                         ║
    ║     npx playwright install                                              ║
    ║                                                                         ║
    ║ <3 Playwright Team                                                      ║
    ╚═════════════════════════════════════════════════════════════════════════╝
]]>
</failure>
</testcase>
<testcase name="Career Page › should be responsive on tablet" classname="career.spec.ts" time="0.013">
<failure message="career.spec.ts:77:7 should be responsive on tablet" type="FAILURE">
<![CDATA[  [Tablet] › career.spec.ts:77:7 › Career Page › should be responsive on tablet ────────────────────

    Error: browserType.launch: Executable doesn't exist at C:\Users\Koshi\AppData\Local\ms-playwright\chromium_headless_shell-1200\chrome-headless-shell-win64\chrome-headless-shell.exe
    ╔═════════════════════════════════════════════════════════════════════════╗
    ║ Looks like Playwright Test or Playwright was just installed or updated. ║
    ║ Please run the following command to download new browsers:              ║
    ║                                                                         ║
    ║     npx playwright install                                              ║
    ║                                                                         ║
    ║ <3 Playwright Team                                                      ║
    ╚═════════════════════════════════════════════════════════════════════════╝
]]>
</failure>
</testcase>
<testcase name="Career Page › should be responsive on desktop" classname="career.spec.ts" time="0.011">
<failure message="career.spec.ts:98:7 should be responsive on desktop" type="FAILURE">
<![CDATA[  [Tablet] › career.spec.ts:98:7 › Career Page › should be responsive on desktop ───────────────────

    Error: browserType.launch: Executable doesn't exist at C:\Users\Koshi\AppData\Local\ms-playwright\chromium_headless_shell-1200\chrome-headless-shell-win64\chrome-headless-shell.exe
    ╔═════════════════════════════════════════════════════════════════════════╗
    ║ Looks like Playwright Test or Playwright was just installed or updated. ║
    ║ Please run the following command to download new browsers:              ║
    ║                                                                         ║
    ║     npx playwright install                                              ║
    ║                                                                         ║
    ║ <3 Playwright Team                                                      ║
    ╚═════════════════════════════════════════════════════════════════════════╝
]]>
</failure>
</testcase>
<testcase name="Career Page › should toggle timeline order" classname="career.spec.ts" time="0.011">
<failure message="career.spec.ts:118:7 should toggle timeline order" type="FAILURE">
<![CDATA[  [Tablet] › career.spec.ts:118:7 › Career Page › should toggle timeline order ─────────────────────

    Error: browserType.launch: Executable doesn't exist at C:\Users\Koshi\AppData\Local\ms-playwright\chromium_headless_shell-1200\chrome-headless-shell-win64\chrome-headless-shell.exe
    ╔═════════════════════════════════════════════════════════════════════════╗
    ║ Looks like Playwright Test or Playwright was just installed or updated. ║
    ║ Please run the following command to download new browsers:              ║
    ║                                                                         ║
    ║     npx playwright install                                              ║
    ║                                                                         ║
    ║ <3 Playwright Team                                                      ║
    ╚═════════════════════════════════════════════════════════════════════════╝
]]>
</failure>
</testcase>
</testsuite>
</testsuites>