<testsuites id="" name="" tests="324" failures="0" skipped="0" errors="0" time="315.724167">
<testsuite name="accessibility.spec.ts" timestamp="2025-11-03T00:30:46.146Z" hostname="chromium" tests="14" failures="0" skipped="0" time="73.651" errors="0">
<testcase name="Accessibility Tests › Homepage should be accessible" classname="accessibility.spec.ts" time="6.423">
</testcase>
<testcase name="Accessibility Tests › Homepage should have proper color contrast" classname="accessibility.spec.ts" time="5.755">
</testcase>
<testcase name="Accessibility Tests › Homepage should support keyboard navigation" classname="accessibility.spec.ts" time="6.271">
</testcase>
<testcase name="Accessibility Tests › Career Page should be accessible" classname="accessibility.spec.ts" time="5.97">
</testcase>
<testcase name="Accessibility Tests › Career Page should have proper color contrast" classname="accessibility.spec.ts" time="5.758">
</testcase>
<testcase name="Accessibility Tests › Career Page should support keyboard navigation" classname="accessibility.spec.ts" time="5.934">
</testcase>
<testcase name="Accessibility Tests › Dev Experience Page should be accessible" classname="accessibility.spec.ts" time="6.242">
</testcase>
<testcase name="Accessibility Tests › Dev Experience Page should have proper color contrast" classname="accessibility.spec.ts" time="5.325">
</testcase>
<testcase name="Accessibility Tests › Dev Experience Page should support keyboard navigation" classname="accessibility.spec.ts" time="5.381">
</testcase>
<testcase name="Accessibility Tests › Publications Page should be accessible" classname="accessibility.spec.ts" time="4.784">
</testcase>
<testcase name="Accessibility Tests › Publications Page should have proper color contrast" classname="accessibility.spec.ts" time="4.36">
</testcase>
<testcase name="Accessibility Tests › Publications Page should support keyboard navigation" classname="accessibility.spec.ts" time="4.783">
</testcase>
<testcase name="Accessibility Tests › Should handle 404 page accessibility" classname="accessibility.spec.ts" time="3.144">
</testcase>
<testcase name="Accessibility Tests › Should handle error states accessibly" classname="accessibility.spec.ts" time="3.521">
</testcase>
</testsuite>
<testsuite name="career.spec.ts" timestamp="2025-11-03T00:30:46.146Z" hostname="chromium" tests="8" failures="0" skipped="0" time="31.276" errors="0">
<testcase name="Career Page › should load and display career timeline" classname="career.spec.ts" time="3.015">
</testcase>
<testcase name="Career Page › should display timeline in chronological order" classname="career.spec.ts" time="2.893">
</testcase>
<testcase name="Career Page › should have proper semantic structure" classname="career.spec.ts" time="2.821">
</testcase>
<testcase name="Career Page › should be responsive on mobile" classname="career.spec.ts" time="4.097">
</testcase>
<testcase name="Career Page › should navigate back to home" classname="career.spec.ts" time="5.608">
</testcase>
<testcase name="Career Page › should be responsive on tablet" classname="career.spec.ts" time="4.471">
</testcase>
<testcase name="Career Page › should be responsive on desktop" classname="career.spec.ts" time="4.319">
</testcase>
<testcase name="Career Page › should toggle timeline order" classname="career.spec.ts" time="4.052">
</testcase>
</testsuite>
<testsuite name="dev-experience.spec.ts" timestamp="2025-11-03T00:30:46.146Z" hostname="chromium" tests="7" failures="0" skipped="0" time="43.611" errors="0">
<testcase name="Development Experience Page › should load and display technology categories" classname="dev-experience.spec.ts" time="3.837">
</testcase>
<testcase name="Development Experience Page › should display tech detail view when clicking technology" classname="dev-experience.spec.ts" time="5.82">
</testcase>
<testcase name="Development Experience Page › should handle keyboard navigation" classname="dev-experience.spec.ts" time="7.005">
</testcase>
<testcase name="Development Experience Page › should be responsive on mobile" classname="dev-experience.spec.ts" time="6.5">
</testcase>
<testcase name="Development Experience Page › should be responsive on tablet" classname="dev-experience.spec.ts" time="6.935">
</testcase>
<testcase name="Development Experience Page › should be responsive on desktop" classname="dev-experience.spec.ts" time="6.459">
</testcase>
<testcase name="Development Experience Page › should display tech detail view fullscreen on mobile" classname="dev-experience.spec.ts" time="7.055">
</testcase>
</testsuite>
<testsuite name="homepage.spec.ts" timestamp="2025-11-03T00:30:46.146Z" hostname="chromium" tests="7" failures="0" skipped="0" time="37.417" errors="0">
<testcase name="Homepage › should load and display main content" classname="homepage.spec.ts" time="2.853">
</testcase>
<testcase name="Homepage › should have working navigation" classname="homepage.spec.ts" time="12.594">
</testcase>
<testcase name="Homepage › should display updates list" classname="homepage.spec.ts" time="4.293">
</testcase>
<testcase name="Homepage › should have accessible navigation" classname="homepage.spec.ts" time="3.948">
</testcase>
<testcase name="Homepage › should be responsive on mobile" classname="homepage.spec.ts" time="4.373">
</testcase>
<testcase name="Homepage › should be responsive on tablet" classname="homepage.spec.ts" time="4.28">
</testcase>
<testcase name="Homepage › should be responsive on desktop" classname="homepage.spec.ts" time="5.076">
</testcase>
</testsuite>
<testsuite name="performance.spec.ts" timestamp="2025-11-03T00:30:46.146Z" hostname="chromium" tests="7" failures="0" skipped="0" time="27.421" errors="0">
<testcase name="Performance Tests › Homepage should load within acceptable time" classname="performance.spec.ts" time="4.297">
</testcase>
<testcase name="Performance Tests › Should have good Core Web Vitals" classname="performance.spec.ts" time="5.343">
<system-out>
<![CDATA[Performance metrics: {}
]]>
</system-out>
</testcase>
<testcase name="Performance Tests › Images should load efficiently" classname="performance.spec.ts" time="3.319">
</testcase>
<testcase name="Performance Tests › Should not have console errors" classname="performance.spec.ts" time="3.726">
</testcase>
<testcase name="Performance Tests › Should handle network failures gracefully" classname="performance.spec.ts" time="2.43">
</testcase>
<testcase name="Performance Tests › Should be efficient on mobile devices" classname="performance.spec.ts" time="4.474">
</testcase>
<testcase name="Performance Tests › Should handle large datasets efficiently" classname="performance.spec.ts" time="3.832">
</testcase>
</testsuite>
<testsuite name="publications.spec.ts" timestamp="2025-11-03T00:30:46.146Z" hostname="chromium" tests="11" failures="0" skipped="0" time="34.042" errors="0">
<testcase name="Publications Page › should load and display publications list" classname="publications.spec.ts" time="3.215">
</testcase>
<testcase name="Publications Page › should have working publication filters" classname="publications.spec.ts" time="3.402">
</testcase>
<testcase name="Publications Page › should display publication badges correctly" classname="publications.spec.ts" time="3.076">
</testcase>
<testcase name="Publications Page › should open publication detail modal" classname="publications.spec.ts" time="3.664">
</testcase>
<testcase name="Publications Page › should display publications with year labels" classname="publications.spec.ts" time="3.416">
</testcase>
<testcase name="Publications Page › should show results count" classname="publications.spec.ts" time="2.861">
</testcase>
<testcase name="Publications Page › should handle keyboard navigation for filters" classname="publications.spec.ts" time="2.915">
</testcase>
<testcase name="Publications Page › should be responsive on mobile" classname="publications.spec.ts" time="3.318">
</testcase>
<testcase name="Publications Page › should be responsive on tablet" classname="publications.spec.ts" time="3.337">
</testcase>
<testcase name="Publications Page › should be responsive on desktop" classname="publications.spec.ts" time="2.324">
</testcase>
<testcase name="Publications Page › should display publication detail modal fullscreen on mobile" classname="publications.spec.ts" time="2.514">
</testcase>
</testsuite>
<testsuite name="accessibility.spec.ts" timestamp="2025-11-03T00:30:46.146Z" hostname="firefox" tests="14" failures="0" skipped="0" time="145.049" errors="0">
<testcase name="Accessibility Tests › Homepage should be accessible" classname="accessibility.spec.ts" time="15.493">
</testcase>
<testcase name="Accessibility Tests › Homepage should have proper color contrast" classname="accessibility.spec.ts" time="9.073">
</testcase>
<testcase name="Accessibility Tests › Homepage should support keyboard navigation" classname="accessibility.spec.ts" time="10.12">
</testcase>
<testcase name="Accessibility Tests › Career Page should be accessible" classname="accessibility.spec.ts" time="14.75">
</testcase>
<testcase name="Accessibility Tests › Career Page should have proper color contrast" classname="accessibility.spec.ts" time="11.393">
</testcase>
<testcase name="Accessibility Tests › Career Page should support keyboard navigation" classname="accessibility.spec.ts" time="16.44">
</testcase>
<testcase name="Accessibility Tests › Dev Experience Page should be accessible" classname="accessibility.spec.ts" time="15.317">
</testcase>
<testcase name="Accessibility Tests › Dev Experience Page should have proper color contrast" classname="accessibility.spec.ts" time="10.32">
</testcase>
<testcase name="Accessibility Tests › Dev Experience Page should support keyboard navigation" classname="accessibility.spec.ts" time="9.333">
</testcase>
<testcase name="Accessibility Tests › Publications Page should be accessible" classname="accessibility.spec.ts" time="6.211">
</testcase>
<testcase name="Accessibility Tests › Publications Page should have proper color contrast" classname="accessibility.spec.ts" time="7.389">
</testcase>
<testcase name="Accessibility Tests › Publications Page should support keyboard navigation" classname="accessibility.spec.ts" time="7.011">
</testcase>
<testcase name="Accessibility Tests › Should handle 404 page accessibility" classname="accessibility.spec.ts" time="5.225">
</testcase>
<testcase name="Accessibility Tests › Should handle error states accessibly" classname="accessibility.spec.ts" time="6.974">
</testcase>
</testsuite>
<testsuite name="career.spec.ts" timestamp="2025-11-03T00:30:46.146Z" hostname="firefox" tests="8" failures="0" skipped="0" time="48.051" errors="0">
<testcase name="Career Page › should load and display career timeline" classname="career.spec.ts" time="5.289">
</testcase>
<testcase name="Career Page › should display timeline in chronological order" classname="career.spec.ts" time="5.14">
</testcase>
<testcase name="Career Page › should have proper semantic structure" classname="career.spec.ts" time="5.26">
</testcase>
<testcase name="Career Page › should be responsive on mobile" classname="career.spec.ts" time="6.578">
</testcase>
<testcase name="Career Page › should navigate back to home" classname="career.spec.ts" time="8.403">
</testcase>
<testcase name="Career Page › should be responsive on tablet" classname="career.spec.ts" time="5.796">
</testcase>
<testcase name="Career Page › should be responsive on desktop" classname="career.spec.ts" time="5.82">
</testcase>
<testcase name="Career Page › should toggle timeline order" classname="career.spec.ts" time="5.765">
</testcase>
</testsuite>
<testsuite name="dev-experience.spec.ts" timestamp="2025-11-03T00:30:46.146Z" hostname="firefox" tests="7" failures="0" skipped="0" time="65.91" errors="0">
<testcase name="Development Experience Page › should load and display technology categories" classname="dev-experience.spec.ts" time="4.808">
</testcase>
<testcase name="Development Experience Page › should display tech detail view when clicking technology" classname="dev-experience.spec.ts" time="12.512">
</testcase>
<testcase name="Development Experience Page › should handle keyboard navigation" classname="dev-experience.spec.ts" time="10.783">
</testcase>
<testcase name="Development Experience Page › should be responsive on mobile" classname="dev-experience.spec.ts" time="9.721">
</testcase>
<testcase name="Development Experience Page › should be responsive on tablet" classname="dev-experience.spec.ts" time="9.676">
</testcase>
<testcase name="Development Experience Page › should be responsive on desktop" classname="dev-experience.spec.ts" time="8.359">
</testcase>
<testcase name="Development Experience Page › should display tech detail view fullscreen on mobile" classname="dev-experience.spec.ts" time="10.051">
</testcase>
</testsuite>
<testsuite name="homepage.spec.ts" timestamp="2025-11-03T00:30:46.146Z" hostname="firefox" tests="7" failures="0" skipped="0" time="52.236" errors="0">
<testcase name="Homepage › should load and display main content" classname="homepage.spec.ts" time="5.885">
</testcase>
<testcase name="Homepage › should have working navigation" classname="homepage.spec.ts" time="19.012">
</testcase>
<testcase name="Homepage › should display updates list" classname="homepage.spec.ts" time="5.791">
</testcase>
<testcase name="Homepage › should have accessible navigation" classname="homepage.spec.ts" time="5.697">
</testcase>
<testcase name="Homepage › should be responsive on mobile" classname="homepage.spec.ts" time="4.727">
</testcase>
<testcase name="Homepage › should be responsive on tablet" classname="homepage.spec.ts" time="4.686">
</testcase>
<testcase name="Homepage › should be responsive on desktop" classname="homepage.spec.ts" time="6.438">
</testcase>
</testsuite>
<testsuite name="performance.spec.ts" timestamp="2025-11-03T00:30:46.146Z" hostname="firefox" tests="7" failures="0" skipped="0" time="40.055" errors="0">
<testcase name="Performance Tests › Homepage should load within acceptable time" classname="performance.spec.ts" time="5.974">
</testcase>
<testcase name="Performance Tests › Should have good Core Web Vitals" classname="performance.spec.ts" time="6.458">
<system-out>
<![CDATA[Performance metrics: {}
]]>
</system-out>
</testcase>
<testcase name="Performance Tests › Images should load efficiently" classname="performance.spec.ts" time="5.008">
</testcase>
<testcase name="Performance Tests › Should not have console errors" classname="performance.spec.ts" time="5.001">
</testcase>
<testcase name="Performance Tests › Should handle network failures gracefully" classname="performance.spec.ts" time="5.876">
</testcase>
<testcase name="Performance Tests › Should be efficient on mobile devices" classname="performance.spec.ts" time="5.901">
</testcase>
<testcase name="Performance Tests › Should handle large datasets efficiently" classname="performance.spec.ts" time="5.837">
</testcase>
</testsuite>
<testsuite name="publications.spec.ts" timestamp="2025-11-03T00:30:46.146Z" hostname="firefox" tests="11" failures="0" skipped="0" time="58.393" errors="0">
<testcase name="Publications Page › should load and display publications list" classname="publications.spec.ts" time="5.04">
</testcase>
<testcase name="Publications Page › should have working publication filters" classname="publications.spec.ts" time="5.446">
</testcase>
<testcase name="Publications Page › should display publication badges correctly" classname="publications.spec.ts" time="6.489">
</testcase>
<testcase name="Publications Page › should open publication detail modal" classname="publications.spec.ts" time="6.727">
</testcase>
<testcase name="Publications Page › should display publications with year labels" classname="publications.spec.ts" time="5.856">
</testcase>
<testcase name="Publications Page › should show results count" classname="publications.spec.ts" time="5.343">
</testcase>
<testcase name="Publications Page › should handle keyboard navigation for filters" classname="publications.spec.ts" time="5.815">
</testcase>
<testcase name="Publications Page › should be responsive on mobile" classname="publications.spec.ts" time="5.202">
</testcase>
<testcase name="Publications Page › should be responsive on tablet" classname="publications.spec.ts" time="4.409">
</testcase>
<testcase name="Publications Page › should be responsive on desktop" classname="publications.spec.ts" time="3.747">
</testcase>
<testcase name="Publications Page › should display publication detail modal fullscreen on mobile" classname="publications.spec.ts" time="4.319">
</testcase>
</testsuite>
<testsuite name="accessibility.spec.ts" timestamp="2025-11-03T00:30:46.146Z" hostname="webkit" tests="14" failures="0" skipped="0" time="98.491" errors="0">
<testcase name="Accessibility Tests › Homepage should be accessible" classname="accessibility.spec.ts" time="9.121">
</testcase>
<testcase name="Accessibility Tests › Homepage should have proper color contrast" classname="accessibility.spec.ts" time="8.214">
</testcase>
<testcase name="Accessibility Tests › Homepage should support keyboard navigation" classname="accessibility.spec.ts" time="8.387">
</testcase>
<testcase name="Accessibility Tests › Career Page should be accessible" classname="accessibility.spec.ts" time="8.718">
</testcase>
<testcase name="Accessibility Tests › Career Page should have proper color contrast" classname="accessibility.spec.ts" time="7.75">
</testcase>
<testcase name="Accessibility Tests › Career Page should support keyboard navigation" classname="accessibility.spec.ts" time="7.738">
</testcase>
<testcase name="Accessibility Tests › Dev Experience Page should be accessible" classname="accessibility.spec.ts" time="8.559">
</testcase>
<testcase name="Accessibility Tests › Dev Experience Page should have proper color contrast" classname="accessibility.spec.ts" time="6.857">
</testcase>
<testcase name="Accessibility Tests › Dev Experience Page should support keyboard navigation" classname="accessibility.spec.ts" time="6.969">
</testcase>
<testcase name="Accessibility Tests › Publications Page should be accessible" classname="accessibility.spec.ts" time="5.751">
</testcase>
<testcase name="Accessibility Tests › Publications Page should have proper color contrast" classname="accessibility.spec.ts" time="5.271">
</testcase>
<testcase name="Accessibility Tests › Publications Page should support keyboard navigation" classname="accessibility.spec.ts" time="5.398">
</testcase>
<testcase name="Accessibility Tests › Should handle 404 page accessibility" classname="accessibility.spec.ts" time="4.01">
</testcase>
<testcase name="Accessibility Tests › Should handle error states accessibly" classname="accessibility.spec.ts" time="5.748">
</testcase>
</testsuite>
<testsuite name="career.spec.ts" timestamp="2025-11-03T00:30:46.146Z" hostname="webkit" tests="8" failures="0" skipped="0" time="39.444" errors="0">
<testcase name="Career Page › should load and display career timeline" classname="career.spec.ts" time="4.312">
</testcase>
<testcase name="Career Page › should display timeline in chronological order" classname="career.spec.ts" time="4.487">
</testcase>
<testcase name="Career Page › should have proper semantic structure" classname="career.spec.ts" time="4.113">
</testcase>
<testcase name="Career Page › should be responsive on mobile" classname="career.spec.ts" time="3.925">
</testcase>
<testcase name="Career Page › should navigate back to home" classname="career.spec.ts" time="6.454">
</testcase>
<testcase name="Career Page › should be responsive on tablet" classname="career.spec.ts" time="4.934">
</testcase>
<testcase name="Career Page › should be responsive on desktop" classname="career.spec.ts" time="5.207">
</testcase>
<testcase name="Career Page › should toggle timeline order" classname="career.spec.ts" time="6.012">
</testcase>
</testsuite>
<testsuite name="dev-experience.spec.ts" timestamp="2025-11-03T00:30:46.146Z" hostname="webkit" tests="7" failures="0" skipped="0" time="44.049" errors="0">
<testcase name="Development Experience Page › should load and display technology categories" classname="dev-experience.spec.ts" time="4.889">
</testcase>
<testcase name="Development Experience Page › should display tech detail view when clicking technology" classname="dev-experience.spec.ts" time="8.143">
</testcase>
<testcase name="Development Experience Page › should handle keyboard navigation" classname="dev-experience.spec.ts" time="6.067">
</testcase>
<testcase name="Development Experience Page › should be responsive on mobile" classname="dev-experience.spec.ts" time="5.229">
</testcase>
<testcase name="Development Experience Page › should be responsive on tablet" classname="dev-experience.spec.ts" time="5.774">
</testcase>
<testcase name="Development Experience Page › should be responsive on desktop" classname="dev-experience.spec.ts" time="6.474">
</testcase>
<testcase name="Development Experience Page › should display tech detail view fullscreen on mobile" classname="dev-experience.spec.ts" time="7.473">
</testcase>
</testsuite>
<testsuite name="homepage.spec.ts" timestamp="2025-11-03T00:30:46.146Z" hostname="webkit" tests="7" failures="0" skipped="0" time="51.088" errors="0">
<testcase name="Homepage › should load and display main content" classname="homepage.spec.ts" time="4.107">
</testcase>
<testcase name="Homepage › should have working navigation" classname="homepage.spec.ts" time="19.157">
</testcase>
<testcase name="Homepage › should display updates list" classname="homepage.spec.ts" time="6.476">
</testcase>
<testcase name="Homepage › should have accessible navigation" classname="homepage.spec.ts" time="5.895">
</testcase>
<testcase name="Homepage › should be responsive on mobile" classname="homepage.spec.ts" time="5.881">
</testcase>
<testcase name="Homepage › should be responsive on tablet" classname="homepage.spec.ts" time="4.87">
</testcase>
<testcase name="Homepage › should be responsive on desktop" classname="homepage.spec.ts" time="4.702">
</testcase>
</testsuite>
<testsuite name="performance.spec.ts" timestamp="2025-11-03T00:30:46.146Z" hostname="webkit" tests="7" failures="0" skipped="0" time="39.592" errors="0">
<testcase name="Performance Tests › Homepage should load within acceptable time" classname="performance.spec.ts" time="5.986">
</testcase>
<testcase name="Performance Tests › Should have good Core Web Vitals" classname="performance.spec.ts" time="6.901">
<system-out>
<![CDATA[Performance metrics: {}
]]>
</system-out>
</testcase>
<testcase name="Performance Tests › Images should load efficiently" classname="performance.spec.ts" time="5.181">
</testcase>
<testcase name="Performance Tests › Should not have console errors" classname="performance.spec.ts" time="5.427">
</testcase>
<testcase name="Performance Tests › Should handle network failures gracefully" classname="performance.spec.ts" time="5.052">
</testcase>
<testcase name="Performance Tests › Should be efficient on mobile devices" classname="performance.spec.ts" time="5.837">
</testcase>
<testcase name="Performance Tests › Should handle large datasets efficiently" classname="performance.spec.ts" time="5.208">
</testcase>
</testsuite>
<testsuite name="publications.spec.ts" timestamp="2025-11-03T00:30:46.146Z" hostname="webkit" tests="11" failures="0" skipped="0" time="50.243" errors="0">
<testcase name="Publications Page › should load and display publications list" classname="publications.spec.ts" time="4.524">
</testcase>
<testcase name="Publications Page › should have working publication filters" classname="publications.spec.ts" time="5.358">
</testcase>
<testcase name="Publications Page › should display publication badges correctly" classname="publications.spec.ts" time="4.459">
</testcase>
<testcase name="Publications Page › should open publication detail modal" classname="publications.spec.ts" time="4.767">
</testcase>
<testcase name="Publications Page › should display publications with year labels" classname="publications.spec.ts" time="5.26">
</testcase>
<testcase name="Publications Page › should show results count" classname="publications.spec.ts" time="4.704">
</testcase>
<testcase name="Publications Page › should handle keyboard navigation for filters" classname="publications.spec.ts" time="4.631">
</testcase>
<testcase name="Publications Page › should be responsive on mobile" classname="publications.spec.ts" time="4.63">
</testcase>
<testcase name="Publications Page › should be responsive on tablet" classname="publications.spec.ts" time="4.692">
</testcase>
<testcase name="Publications Page › should be responsive on desktop" classname="publications.spec.ts" time="3.25">
</testcase>
<testcase name="Publications Page › should display publication detail modal fullscreen on mobile" classname="publications.spec.ts" time="3.968">
</testcase>
</testsuite>
<testsuite name="accessibility.spec.ts" timestamp="2025-11-03T00:30:46.146Z" hostname="Mobile Chrome" tests="14" failures="0" skipped="0" time="59.276" errors="0">
<testcase name="Accessibility Tests › Homepage should be accessible" classname="accessibility.spec.ts" time="5.099">
</testcase>
<testcase name="Accessibility Tests › Homepage should have proper color contrast" classname="accessibility.spec.ts" time="4.541">
</testcase>
<testcase name="Accessibility Tests › Homepage should support keyboard navigation" classname="accessibility.spec.ts" time="4.756">
</testcase>
<testcase name="Accessibility Tests › Career Page should be accessible" classname="accessibility.spec.ts" time="4.791">
</testcase>
<testcase name="Accessibility Tests › Career Page should have proper color contrast" classname="accessibility.spec.ts" time="3.883">
</testcase>
<testcase name="Accessibility Tests › Career Page should support keyboard navigation" classname="accessibility.spec.ts" time="2.909">
</testcase>
<testcase name="Accessibility Tests › Dev Experience Page should be accessible" classname="accessibility.spec.ts" time="5.67">
</testcase>
<testcase name="Accessibility Tests › Dev Experience Page should have proper color contrast" classname="accessibility.spec.ts" time="4.734">
</testcase>
<testcase name="Accessibility Tests › Dev Experience Page should support keyboard navigation" classname="accessibility.spec.ts" time="4.667">
</testcase>
<testcase name="Accessibility Tests › Publications Page should be accessible" classname="accessibility.spec.ts" time="4.17">
</testcase>
<testcase name="Accessibility Tests › Publications Page should have proper color contrast" classname="accessibility.spec.ts" time="3.792">
</testcase>
<testcase name="Accessibility Tests › Publications Page should support keyboard navigation" classname="accessibility.spec.ts" time="4.087">
</testcase>
<testcase name="Accessibility Tests › Should handle 404 page accessibility" classname="accessibility.spec.ts" time="2.928">
</testcase>
<testcase name="Accessibility Tests › Should handle error states accessibly" classname="accessibility.spec.ts" time="3.249">
</testcase>
</testsuite>
<testsuite name="career.spec.ts" timestamp="2025-11-03T00:30:46.146Z" hostname="Mobile Chrome" tests="8" failures="0" skipped="0" time="27.72" errors="0">
<testcase name="Career Page › should load and display career timeline" classname="career.spec.ts" time="2.884">
</testcase>
<testcase name="Career Page › should display timeline in chronological order" classname="career.spec.ts" time="2.827">
</testcase>
<testcase name="Career Page › should have proper semantic structure" classname="career.spec.ts" time="2.657">
</testcase>
<testcase name="Career Page › should be responsive on mobile" classname="career.spec.ts" time="2.544">
</testcase>
<testcase name="Career Page › should navigate back to home" classname="career.spec.ts" time="4.102">
</testcase>
<testcase name="Career Page › should be responsive on tablet" classname="career.spec.ts" time="4.293">
</testcase>
<testcase name="Career Page › should be responsive on desktop" classname="career.spec.ts" time="4.301">
</testcase>
<testcase name="Career Page › should toggle timeline order" classname="career.spec.ts" time="4.112">
</testcase>
</testsuite>
<testsuite name="dev-experience.spec.ts" timestamp="2025-11-03T00:30:46.146Z" hostname="Mobile Chrome" tests="7" failures="0" skipped="0" time="36.392" errors="0">
<testcase name="Development Experience Page › should load and display technology categories" classname="dev-experience.spec.ts" time="3.529">
</testcase>
<testcase name="Development Experience Page › should display tech detail view when clicking technology" classname="dev-experience.spec.ts" time="4.256">
</testcase>
<testcase name="Development Experience Page › should handle keyboard navigation" classname="dev-experience.spec.ts" time="5.541">
</testcase>
<testcase name="Development Experience Page › should be responsive on mobile" classname="dev-experience.spec.ts" time="5.461">
</testcase>
<testcase name="Development Experience Page › should be responsive on tablet" classname="dev-experience.spec.ts" time="5.434">
</testcase>
<testcase name="Development Experience Page › should be responsive on desktop" classname="dev-experience.spec.ts" time="5.541">
</testcase>
<testcase name="Development Experience Page › should display tech detail view fullscreen on mobile" classname="dev-experience.spec.ts" time="6.63">
</testcase>
</testsuite>
<testsuite name="homepage.spec.ts" timestamp="2025-11-03T00:30:46.146Z" hostname="Mobile Chrome" tests="7" failures="0" skipped="0" time="32.509" errors="0">
<testcase name="Homepage › should load and display main content" classname="homepage.spec.ts" time="3.892">
</testcase>
<testcase name="Homepage › should have working navigation" classname="homepage.spec.ts" time="11.533">
</testcase>
<testcase name="Homepage › should display updates list" classname="homepage.spec.ts" time="3.303">
</testcase>
<testcase name="Homepage › should have accessible navigation" classname="homepage.spec.ts" time="3.454">
</testcase>
<testcase name="Homepage › should be responsive on mobile" classname="homepage.spec.ts" time="3.504">
</testcase>
<testcase name="Homepage › should be responsive on tablet" classname="homepage.spec.ts" time="3.684">
</testcase>
<testcase name="Homepage › should be responsive on desktop" classname="homepage.spec.ts" time="3.139">
</testcase>
</testsuite>
<testsuite name="performance.spec.ts" timestamp="2025-11-03T00:30:46.146Z" hostname="Mobile Chrome" tests="7" failures="0" skipped="0" time="24.946" errors="0">
<testcase name="Performance Tests › Homepage should load within acceptable time" classname="performance.spec.ts" time="3.741">
</testcase>
<testcase name="Performance Tests › Should have good Core Web Vitals" classname="performance.spec.ts" time="4.755">
<system-out>
<![CDATA[Performance metrics: {}
]]>
</system-out>
</testcase>
<testcase name="Performance Tests › Images should load efficiently" classname="performance.spec.ts" time="2.846">
</testcase>
<testcase name="Performance Tests › Should not have console errors" classname="performance.spec.ts" time="3.048">
</testcase>
<testcase name="Performance Tests › Should handle network failures gracefully" classname="performance.spec.ts" time="2.374">
</testcase>
<testcase name="Performance Tests › Should be efficient on mobile devices" classname="performance.spec.ts" time="4.381">
</testcase>
<testcase name="Performance Tests › Should handle large datasets efficiently" classname="performance.spec.ts" time="3.801">
</testcase>
</testsuite>
<testsuite name="publications.spec.ts" timestamp="2025-11-03T00:30:46.146Z" hostname="Mobile Chrome" tests="11" failures="0" skipped="0" time="34.382" errors="0">
<testcase name="Publications Page › should load and display publications list" classname="publications.spec.ts" time="3.148">
</testcase>
<testcase name="Publications Page › should have working publication filters" classname="publications.spec.ts" time="3.645">
</testcase>
<testcase name="Publications Page › should display publication badges correctly" classname="publications.spec.ts" time="2.974">
</testcase>
<testcase name="Publications Page › should open publication detail modal" classname="publications.spec.ts" time="2.758">
</testcase>
<testcase name="Publications Page › should display publications with year labels" classname="publications.spec.ts" time="3.623">
</testcase>
<testcase name="Publications Page › should show results count" classname="publications.spec.ts" time="2.994">
</testcase>
<testcase name="Publications Page › should handle keyboard navigation for filters" classname="publications.spec.ts" time="2.984">
</testcase>
<testcase name="Publications Page › should be responsive on mobile" classname="publications.spec.ts" time="3.478">
</testcase>
<testcase name="Publications Page › should be responsive on tablet" classname="publications.spec.ts" time="3.589">
</testcase>
<testcase name="Publications Page › should be responsive on desktop" classname="publications.spec.ts" time="2.654">
</testcase>
<testcase name="Publications Page › should display publication detail modal fullscreen on mobile" classname="publications.spec.ts" time="2.535">
</testcase>
</testsuite>
<testsuite name="accessibility.spec.ts" timestamp="2025-11-03T00:30:46.146Z" hostname="Mobile Safari" tests="14" failures="0" skipped="0" time="70.705" errors="0">
<testcase name="Accessibility Tests › Homepage should be accessible" classname="accessibility.spec.ts" time="4.415">
</testcase>
<testcase name="Accessibility Tests › Homepage should have proper color contrast" classname="accessibility.spec.ts" time="5.085">
</testcase>
<testcase name="Accessibility Tests › Homepage should support keyboard navigation" classname="accessibility.spec.ts" time="5.6">
</testcase>
<testcase name="Accessibility Tests › Career Page should be accessible" classname="accessibility.spec.ts" time="5.008">
</testcase>
<testcase name="Accessibility Tests › Career Page should have proper color contrast" classname="accessibility.spec.ts" time="4.706">
</testcase>
<testcase name="Accessibility Tests › Career Page should support keyboard navigation" classname="accessibility.spec.ts" time="4.049">
</testcase>
<testcase name="Accessibility Tests › Dev Experience Page should be accessible" classname="accessibility.spec.ts" time="7.208">
</testcase>
<testcase name="Accessibility Tests › Dev Experience Page should have proper color contrast" classname="accessibility.spec.ts" time="5.916">
</testcase>
<testcase name="Accessibility Tests › Dev Experience Page should support keyboard navigation" classname="accessibility.spec.ts" time="6.31">
</testcase>
<testcase name="Accessibility Tests › Publications Page should be accessible" classname="accessibility.spec.ts" time="5.077">
</testcase>
<testcase name="Accessibility Tests › Publications Page should have proper color contrast" classname="accessibility.spec.ts" time="4.305">
</testcase>
<testcase name="Accessibility Tests › Publications Page should support keyboard navigation" classname="accessibility.spec.ts" time="4.533">
</testcase>
<testcase name="Accessibility Tests › Should handle 404 page accessibility" classname="accessibility.spec.ts" time="3.583">
</testcase>
<testcase name="Accessibility Tests › Should handle error states accessibly" classname="accessibility.spec.ts" time="4.91">
</testcase>
</testsuite>
<testsuite name="career.spec.ts" timestamp="2025-11-03T00:30:46.146Z" hostname="Mobile Safari" tests="8" failures="0" skipped="0" time="38.15" errors="0">
<testcase name="Career Page › should load and display career timeline" classname="career.spec.ts" time="4.092">
</testcase>
<testcase name="Career Page › should display timeline in chronological order" classname="career.spec.ts" time="3.716">
</testcase>
<testcase name="Career Page › should have proper semantic structure" classname="career.spec.ts" time="3.939">
</testcase>
<testcase name="Career Page › should be responsive on mobile" classname="career.spec.ts" time="4.572">
</testcase>
<testcase name="Career Page › should navigate back to home" classname="career.spec.ts" time="6.09">
</testcase>
<testcase name="Career Page › should be responsive on tablet" classname="career.spec.ts" time="5.01">
</testcase>
<testcase name="Career Page › should be responsive on desktop" classname="career.spec.ts" time="5.266">
</testcase>
<testcase name="Career Page › should toggle timeline order" classname="career.spec.ts" time="5.465">
</testcase>
</testsuite>
<testsuite name="dev-experience.spec.ts" timestamp="2025-11-03T00:30:46.146Z" hostname="Mobile Safari" tests="7" failures="0" skipped="0" time="42.149" errors="0">
<testcase name="Development Experience Page › should load and display technology categories" classname="dev-experience.spec.ts" time="4.33">
</testcase>
<testcase name="Development Experience Page › should display tech detail view when clicking technology" classname="dev-experience.spec.ts" time="5.948">
</testcase>
<testcase name="Development Experience Page › should handle keyboard navigation" classname="dev-experience.spec.ts" time="6.032">
</testcase>
<testcase name="Development Experience Page › should be responsive on mobile" classname="dev-experience.spec.ts" time="5.545">
</testcase>
<testcase name="Development Experience Page › should be responsive on tablet" classname="dev-experience.spec.ts" time="6.108">
</testcase>
<testcase name="Development Experience Page › should be responsive on desktop" classname="dev-experience.spec.ts" time="6.645">
</testcase>
<testcase name="Development Experience Page › should display tech detail view fullscreen on mobile" classname="dev-experience.spec.ts" time="7.541">
</testcase>
</testsuite>
<testsuite name="homepage.spec.ts" timestamp="2025-11-03T00:30:46.146Z" hostname="Mobile Safari" tests="7" failures="0" skipped="0" time="47.818" errors="0">
<testcase name="Homepage › should load and display main content" classname="homepage.spec.ts" time="4.772">
</testcase>
<testcase name="Homepage › should have working navigation" classname="homepage.spec.ts" time="19.561">
</testcase>
<testcase name="Homepage › should display updates list" classname="homepage.spec.ts" time="4.686">
</testcase>
<testcase name="Homepage › should have accessible navigation" classname="homepage.spec.ts" time="4.047">
</testcase>
<testcase name="Homepage › should be responsive on mobile" classname="homepage.spec.ts" time="4.712">
</testcase>
<testcase name="Homepage › should be responsive on tablet" classname="homepage.spec.ts" time="5.396">
</testcase>
<testcase name="Homepage › should be responsive on desktop" classname="homepage.spec.ts" time="4.644">
</testcase>
</testsuite>
<testsuite name="performance.spec.ts" timestamp="2025-11-03T00:30:46.146Z" hostname="Mobile Safari" tests="7" failures="0" skipped="0" time="34.483" errors="0">
<testcase name="Performance Tests › Homepage should load within acceptable time" classname="performance.spec.ts" time="5.784">
</testcase>
<testcase name="Performance Tests › Should have good Core Web Vitals" classname="performance.spec.ts" time="6.516">
<system-out>
<![CDATA[Performance metrics: {}
]]>
</system-out>
</testcase>
<testcase name="Performance Tests › Images should load efficiently" classname="performance.spec.ts" time="4.033">
</testcase>
<testcase name="Performance Tests › Should not have console errors" classname="performance.spec.ts" time="4.468">
</testcase>
<testcase name="Performance Tests › Should handle network failures gracefully" classname="performance.spec.ts" time="4.03">
</testcase>
<testcase name="Performance Tests › Should be efficient on mobile devices" classname="performance.spec.ts" time="4.684">
</testcase>
<testcase name="Performance Tests › Should handle large datasets efficiently" classname="performance.spec.ts" time="4.968">
</testcase>
</testsuite>
<testsuite name="publications.spec.ts" timestamp="2025-11-03T00:30:46.146Z" hostname="Mobile Safari" tests="11" failures="0" skipped="0" time="53.673" errors="0">
<testcase name="Publications Page › should load and display publications list" classname="publications.spec.ts" time="4.014">
</testcase>
<testcase name="Publications Page › should have working publication filters" classname="publications.spec.ts" time="4.993">
</testcase>
<testcase name="Publications Page › should display publication badges correctly" classname="publications.spec.ts" time="4.294">
</testcase>
<testcase name="Publications Page › should open publication detail modal" classname="publications.spec.ts" time="7.035">
</testcase>
<testcase name="Publications Page › should display publications with year labels" classname="publications.spec.ts" time="5.877">
</testcase>
<testcase name="Publications Page › should show results count" classname="publications.spec.ts" time="5.179">
</testcase>
<testcase name="Publications Page › should handle keyboard navigation for filters" classname="publications.spec.ts" time="5.305">
</testcase>
<testcase name="Publications Page › should be responsive on mobile" classname="publications.spec.ts" time="5.287">
</testcase>
<testcase name="Publications Page › should be responsive on tablet" classname="publications.spec.ts" time="3.846">
</testcase>
<testcase name="Publications Page › should be responsive on desktop" classname="publications.spec.ts" time="3.647">
</testcase>
<testcase name="Publications Page › should display publication detail modal fullscreen on mobile" classname="publications.spec.ts" time="4.196">
</testcase>
</testsuite>
<testsuite name="accessibility.spec.ts" timestamp="2025-11-03T00:30:46.146Z" hostname="Tablet" tests="14" failures="0" skipped="0" time="55.881" errors="0">
<testcase name="Accessibility Tests › Homepage should be accessible" classname="accessibility.spec.ts" time="3.124">
</testcase>
<testcase name="Accessibility Tests › Homepage should have proper color contrast" classname="accessibility.spec.ts" time="2.715">
</testcase>
<testcase name="Accessibility Tests › Homepage should support keyboard navigation" classname="accessibility.spec.ts" time="2.693">
</testcase>
<testcase name="Accessibility Tests › Career Page should be accessible" classname="accessibility.spec.ts" time="2.519">
</testcase>
<testcase name="Accessibility Tests › Career Page should have proper color contrast" classname="accessibility.spec.ts" time="4.589">
</testcase>
<testcase name="Accessibility Tests › Career Page should support keyboard navigation" classname="accessibility.spec.ts" time="4.731">
</testcase>
<testcase name="Accessibility Tests › Dev Experience Page should be accessible" classname="accessibility.spec.ts" time="6.655">
</testcase>
<testcase name="Accessibility Tests › Dev Experience Page should have proper color contrast" classname="accessibility.spec.ts" time="5.738">
</testcase>
<testcase name="Accessibility Tests › Dev Experience Page should support keyboard navigation" classname="accessibility.spec.ts" time="5.941">
</testcase>
<testcase name="Accessibility Tests › Publications Page should be accessible" classname="accessibility.spec.ts" time="4.394">
</testcase>
<testcase name="Accessibility Tests › Publications Page should have proper color contrast" classname="accessibility.spec.ts" time="3.1">
</testcase>
<testcase name="Accessibility Tests › Publications Page should support keyboard navigation" classname="accessibility.spec.ts" time="3.575">
</testcase>
<testcase name="Accessibility Tests › Should handle 404 page accessibility" classname="accessibility.spec.ts" time="2.867">
</testcase>
<testcase name="Accessibility Tests › Should handle error states accessibly" classname="accessibility.spec.ts" time="3.24">
</testcase>
</testsuite>
<testsuite name="career.spec.ts" timestamp="2025-11-03T00:30:46.146Z" hostname="Tablet" tests="8" failures="0" skipped="0" time="30.83" errors="0">
<testcase name="Career Page › should load and display career timeline" classname="career.spec.ts" time="2.721">
</testcase>
<testcase name="Career Page › should display timeline in chronological order" classname="career.spec.ts" time="2.522">
</testcase>
<testcase name="Career Page › should have proper semantic structure" classname="career.spec.ts" time="2.536">
</testcase>
<testcase name="Career Page › should be responsive on mobile" classname="career.spec.ts" time="4.233">
</testcase>
<testcase name="Career Page › should navigate back to home" classname="career.spec.ts" time="6.225">
</testcase>
<testcase name="Career Page › should be responsive on tablet" classname="career.spec.ts" time="4.208">
</testcase>
<testcase name="Career Page › should be responsive on desktop" classname="career.spec.ts" time="4.336">
</testcase>
<testcase name="Career Page › should toggle timeline order" classname="career.spec.ts" time="4.049">
</testcase>
</testsuite>
<testsuite name="dev-experience.spec.ts" timestamp="2025-11-03T00:30:46.146Z" hostname="Tablet" tests="7" failures="0" skipped="0" time="41.88" errors="0">
<testcase name="Development Experience Page › should load and display technology categories" classname="dev-experience.spec.ts" time="2.811">
</testcase>
<testcase name="Development Experience Page › should display tech detail view when clicking technology" classname="dev-experience.spec.ts" time="7.184">
</testcase>
<testcase name="Development Experience Page › should handle keyboard navigation" classname="dev-experience.spec.ts" time="6.836">
</testcase>
<testcase name="Development Experience Page › should be responsive on mobile" classname="dev-experience.spec.ts" time="6.186">
</testcase>
<testcase name="Development Experience Page › should be responsive on tablet" classname="dev-experience.spec.ts" time="6.282">
</testcase>
<testcase name="Development Experience Page › should be responsive on desktop" classname="dev-experience.spec.ts" time="6.557">
</testcase>
<testcase name="Development Experience Page › should display tech detail view fullscreen on mobile" classname="dev-experience.spec.ts" time="6.024">
</testcase>
</testsuite>
<testsuite name="homepage.spec.ts" timestamp="2025-11-03T00:30:46.146Z" hostname="Tablet" tests="7" failures="0" skipped="0" time="35.285" errors="0">
<testcase name="Homepage › should load and display main content" classname="homepage.spec.ts" time="4.06">
</testcase>
<testcase name="Homepage › should have working navigation" classname="homepage.spec.ts" time="11.98">
</testcase>
<testcase name="Homepage › should display updates list" classname="homepage.spec.ts" time="3.78">
</testcase>
<testcase name="Homepage › should have accessible navigation" classname="homepage.spec.ts" time="3.681">
</testcase>
<testcase name="Homepage › should be responsive on mobile" classname="homepage.spec.ts" time="4.04">
</testcase>
<testcase name="Homepage › should be responsive on tablet" classname="homepage.spec.ts" time="3.441">
</testcase>
<testcase name="Homepage › should be responsive on desktop" classname="homepage.spec.ts" time="4.303">
</testcase>
</testsuite>
<testsuite name="performance.spec.ts" timestamp="2025-11-03T00:30:46.146Z" hostname="Tablet" tests="7" failures="0" skipped="0" time="28.69" errors="0">
<testcase name="Performance Tests › Homepage should load within acceptable time" classname="performance.spec.ts" time="4.323">
</testcase>
<testcase name="Performance Tests › Should have good Core Web Vitals" classname="performance.spec.ts" time="5.725">
<system-out>
<![CDATA[Performance metrics: {}
]]>
</system-out>
</testcase>
<testcase name="Performance Tests › Images should load efficiently" classname="performance.spec.ts" time="3.277">
</testcase>
<testcase name="Performance Tests › Should not have console errors" classname="performance.spec.ts" time="3.314">
</testcase>
<testcase name="Performance Tests › Should handle network failures gracefully" classname="performance.spec.ts" time="4.241">
</testcase>
<testcase name="Performance Tests › Should be efficient on mobile devices" classname="performance.spec.ts" time="4.037">
</testcase>
<testcase name="Performance Tests › Should handle large datasets efficiently" classname="performance.spec.ts" time="3.773">
</testcase>
</testsuite>
<testsuite name="publications.spec.ts" timestamp="2025-11-03T00:30:46.146Z" hostname="Tablet" tests="11" failures="0" skipped="0" time="33.435" errors="0">
<testcase name="Publications Page › should load and display publications list" classname="publications.spec.ts" time="2.99">
</testcase>
<testcase name="Publications Page › should have working publication filters" classname="publications.spec.ts" time="2.649">
</testcase>
<testcase name="Publications Page › should display publication badges correctly" classname="publications.spec.ts" time="3.832">
</testcase>
<testcase name="Publications Page › should open publication detail modal" classname="publications.spec.ts" time="3.728">
</testcase>
<testcase name="Publications Page › should display publications with year labels" classname="publications.spec.ts" time="3.493">
</testcase>
<testcase name="Publications Page › should show results count" classname="publications.spec.ts" time="3.313">
</testcase>
<testcase name="Publications Page › should handle keyboard navigation for filters" classname="publications.spec.ts" time="3.009">
</testcase>
<testcase name="Publications Page › should be responsive on mobile" classname="publications.spec.ts" time="3.314">
</testcase>
<testcase name="Publications Page › should be responsive on tablet" classname="publications.spec.ts" time="2.325">
</testcase>
<testcase name="Publications Page › should be responsive on desktop" classname="publications.spec.ts" time="2.338">
</testcase>
<testcase name="Publications Page › should display publication detail modal fullscreen on mobile" classname="publications.spec.ts" time="2.444">
</testcase>
</testsuite>
</testsuites>