<testsuites id="" name="" tests="84" failures="0" skipped="0" errors="0" time="146.683291">
<testsuite name="dev-experience.spec.ts" timestamp="2025-11-10T03:09:16.154Z" hostname="chromium" tests="7" failures="0" skipped="0" time="50.265" errors="0">
<testcase name="Development Experience Page › should load and display technology categories" classname="dev-experience.spec.ts" time="5.871">
</testcase>
<testcase name="Development Experience Page › should display tech detail view when clicking technology" classname="dev-experience.spec.ts" time="9.053">
</testcase>
<testcase name="Development Experience Page › should handle keyboard navigation" classname="dev-experience.spec.ts" time="8.917">
</testcase>
<testcase name="Development Experience Page › should be responsive on mobile" classname="dev-experience.spec.ts" time="7.148">
</testcase>
<testcase name="Development Experience Page › should be responsive on tablet" classname="dev-experience.spec.ts" time="8.121">
</testcase>
<testcase name="Development Experience Page › should be responsive on desktop" classname="dev-experience.spec.ts" time="7.706">
</testcase>
<testcase name="Development Experience Page › should display tech detail view fullscreen on mobile" classname="dev-experience.spec.ts" time="3.449">
</testcase>
</testsuite>
<testsuite name="performance.spec.ts" timestamp="2025-11-10T03:09:16.154Z" hostname="chromium" tests="7" failures="0" skipped="0" time="16.18" errors="0">
<testcase name="Performance Tests › Homepage should load within acceptable time" classname="performance.spec.ts" time="2.523">
</testcase>
<testcase name="Performance Tests › Should have good Core Web Vitals" classname="performance.spec.ts" time="4.302">
<system-out>
<![CDATA[Performance metrics: {}
]]>
</system-out>
</testcase>
<testcase name="Performance Tests › Images should load efficiently" classname="performance.spec.ts" time="1.477">
</testcase>
<testcase name="Performance Tests › Should not have console errors" classname="performance.spec.ts" time="2.163">
</testcase>
<testcase name="Performance Tests › Should handle network failures gracefully" classname="performance.spec.ts" time="1.86">
</testcase>
<testcase name="Performance Tests › Should be efficient on mobile devices" classname="performance.spec.ts" time="1.724">
</testcase>
<testcase name="Performance Tests › Should handle large datasets efficiently" classname="performance.spec.ts" time="2.131">
</testcase>
</testsuite>
<testsuite name="dev-experience.spec.ts" timestamp="2025-11-10T03:09:16.154Z" hostname="firefox" tests="7" failures="0" skipped="0" time="90.917" errors="0">
<testcase name="Development Experience Page › should load and display technology categories" classname="dev-experience.spec.ts" time="9.746">
</testcase>
<testcase name="Development Experience Page › should display tech detail view when clicking technology" classname="dev-experience.spec.ts" time="17.162">
</testcase>
<testcase name="Development Experience Page › should handle keyboard navigation" classname="dev-experience.spec.ts" time="15.284">
</testcase>
<testcase name="Development Experience Page › should be responsive on mobile" classname="dev-experience.spec.ts" time="11.168">
</testcase>
<testcase name="Development Experience Page › should be responsive on tablet" classname="dev-experience.spec.ts" time="11.292">
</testcase>
<testcase name="Development Experience Page › should be responsive on desktop" classname="dev-experience.spec.ts" time="12.986">
</testcase>
<testcase name="Development Experience Page › should display tech detail view fullscreen on mobile" classname="dev-experience.spec.ts" time="13.279">
</testcase>
</testsuite>
<testsuite name="performance.spec.ts" timestamp="2025-11-10T03:09:16.154Z" hostname="firefox" tests="7" failures="0" skipped="0" time="43.442" errors="0">
<testcase name="Performance Tests › Homepage should load within acceptable time" classname="performance.spec.ts" time="7.71">
</testcase>
<testcase name="Performance Tests › Should have good Core Web Vitals" classname="performance.spec.ts" time="9.741">
<system-out>
<![CDATA[Performance metrics: {}
]]>
</system-out>
</testcase>
<testcase name="Performance Tests › Images should load efficiently" classname="performance.spec.ts" time="5.392">
</testcase>
<testcase name="Performance Tests › Should not have console errors" classname="performance.spec.ts" time="5.476">
</testcase>
<testcase name="Performance Tests › Should handle network failures gracefully" classname="performance.spec.ts" time="4.82">
</testcase>
<testcase name="Performance Tests › Should be efficient on mobile devices" classname="performance.spec.ts" time="5.161">
</testcase>
<testcase name="Performance Tests › Should handle large datasets efficiently" classname="performance.spec.ts" time="5.142">
</testcase>
</testsuite>
<testsuite name="dev-experience.spec.ts" timestamp="2025-11-10T03:09:16.154Z" hostname="webkit" tests="7" failures="0" skipped="0" time="37.867" errors="0">
<testcase name="Development Experience Page › should load and display technology categories" classname="dev-experience.spec.ts" time="3.644">
</testcase>
<testcase name="Development Experience Page › should display tech detail view when clicking technology" classname="dev-experience.spec.ts" time="7.308">
</testcase>
<testcase name="Development Experience Page › should handle keyboard navigation" classname="dev-experience.spec.ts" time="6.37">
</testcase>
<testcase name="Development Experience Page › should be responsive on mobile" classname="dev-experience.spec.ts" time="3.96">
</testcase>
<testcase name="Development Experience Page › should be responsive on tablet" classname="dev-experience.spec.ts" time="4.383">
</testcase>
<testcase name="Development Experience Page › should be responsive on desktop" classname="dev-experience.spec.ts" time="4.907">
</testcase>
<testcase name="Development Experience Page › should display tech detail view fullscreen on mobile" classname="dev-experience.spec.ts" time="7.295">
</testcase>
</testsuite>
<testsuite name="performance.spec.ts" timestamp="2025-11-10T03:09:16.154Z" hostname="webkit" tests="7" failures="0" skipped="0" time="24.718" errors="0">
<testcase name="Performance Tests › Homepage should load within acceptable time" classname="performance.spec.ts" time="3.761">
</testcase>
<testcase name="Performance Tests › Should have good Core Web Vitals" classname="performance.spec.ts" time="4.531">
<system-out>
<![CDATA[Performance metrics: {}
]]>
</system-out>
</testcase>
<testcase name="Performance Tests › Images should load efficiently" classname="performance.spec.ts" time="3.574">
</testcase>
<testcase name="Performance Tests › Should not have console errors" classname="performance.spec.ts" time="3.211">
</testcase>
<testcase name="Performance Tests › Should handle network failures gracefully" classname="performance.spec.ts" time="3.747">
</testcase>
<testcase name="Performance Tests › Should be efficient on mobile devices" classname="performance.spec.ts" time="2.853">
</testcase>
<testcase name="Performance Tests › Should handle large datasets efficiently" classname="performance.spec.ts" time="3.041">
</testcase>
</testsuite>
<testsuite name="dev-experience.spec.ts" timestamp="2025-11-10T03:09:16.154Z" hostname="Mobile Chrome" tests="7" failures="0" skipped="0" time="38.331" errors="0">
<testcase name="Development Experience Page › should load and display technology categories" classname="dev-experience.spec.ts" time="3.532">
</testcase>
<testcase name="Development Experience Page › should display tech detail view when clicking technology" classname="dev-experience.spec.ts" time="5.82">
</testcase>
<testcase name="Development Experience Page › should handle keyboard navigation" classname="dev-experience.spec.ts" time="4.853">
</testcase>
<testcase name="Development Experience Page › should be responsive on mobile" classname="dev-experience.spec.ts" time="4.696">
</testcase>
<testcase name="Development Experience Page › should be responsive on tablet" classname="dev-experience.spec.ts" time="5.419">
</testcase>
<testcase name="Development Experience Page › should be responsive on desktop" classname="dev-experience.spec.ts" time="6.59">
</testcase>
<testcase name="Development Experience Page › should display tech detail view fullscreen on mobile" classname="dev-experience.spec.ts" time="7.421">
</testcase>
</testsuite>
<testsuite name="performance.spec.ts" timestamp="2025-11-10T03:09:16.154Z" hostname="Mobile Chrome" tests="7" failures="0" skipped="0" time="20.076" errors="0">
<testcase name="Performance Tests › Homepage should load within acceptable time" classname="performance.spec.ts" time="3.594">
</testcase>
<testcase name="Performance Tests › Should have good Core Web Vitals" classname="performance.spec.ts" time="5.07">
<system-out>
<![CDATA[Performance metrics: {}
]]>
</system-out>
</testcase>
<testcase name="Performance Tests › Images should load efficiently" classname="performance.spec.ts" time="2.503">
</testcase>
<testcase name="Performance Tests › Should not have console errors" classname="performance.spec.ts" time="1.884">
</testcase>
<testcase name="Performance Tests › Should handle network failures gracefully" classname="performance.spec.ts" time="2.43">
</testcase>
<testcase name="Performance Tests › Should be efficient on mobile devices" classname="performance.spec.ts" time="2.441">
</testcase>
<testcase name="Performance Tests › Should handle large datasets efficiently" classname="performance.spec.ts" time="2.154">
</testcase>
</testsuite>
<testsuite name="dev-experience.spec.ts" timestamp="2025-11-10T03:09:16.154Z" hostname="Mobile Safari" tests="7" failures="0" skipped="0" time="37.438" errors="0">
<testcase name="Development Experience Page › should load and display technology categories" classname="dev-experience.spec.ts" time="4.03">
</testcase>
<testcase name="Development Experience Page › should display tech detail view when clicking technology" classname="dev-experience.spec.ts" time="6.238">
</testcase>
<testcase name="Development Experience Page › should handle keyboard navigation" classname="dev-experience.spec.ts" time="5.55">
</testcase>
<testcase name="Development Experience Page › should be responsive on mobile" classname="dev-experience.spec.ts" time="4.747">
</testcase>
<testcase name="Development Experience Page › should be responsive on tablet" classname="dev-experience.spec.ts" time="5.287">
</testcase>
<testcase name="Development Experience Page › should be responsive on desktop" classname="dev-experience.spec.ts" time="5.585">
</testcase>
<testcase name="Development Experience Page › should display tech detail view fullscreen on mobile" classname="dev-experience.spec.ts" time="6.001">
</testcase>
</testsuite>
<testsuite name="performance.spec.ts" timestamp="2025-11-10T03:09:16.154Z" hostname="Mobile Safari" tests="7" failures="0" skipped="0" time="21.001" errors="0">
<testcase name="Performance Tests › Homepage should load within acceptable time" classname="performance.spec.ts" time="3.256">
</testcase>
<testcase name="Performance Tests › Should have good Core Web Vitals" classname="performance.spec.ts" time="3.814">
<system-out>
<![CDATA[Performance metrics: {}
]]>
</system-out>
</testcase>
<testcase name="Performance Tests › Images should load efficiently" classname="performance.spec.ts" time="2.805">
</testcase>
<testcase name="Performance Tests › Should not have console errors" classname="performance.spec.ts" time="3.02">
</testcase>
<testcase name="Performance Tests › Should handle network failures gracefully" classname="performance.spec.ts" time="2.695">
</testcase>
<testcase name="Performance Tests › Should be efficient on mobile devices" classname="performance.spec.ts" time="2.379">
</testcase>
<testcase name="Performance Tests › Should handle large datasets efficiently" classname="performance.spec.ts" time="3.032">
</testcase>
</testsuite>
<testsuite name="dev-experience.spec.ts" timestamp="2025-11-10T03:09:16.154Z" hostname="Tablet" tests="7" failures="0" skipped="0" time="42.808" errors="0">
<testcase name="Development Experience Page › should load and display technology categories" classname="dev-experience.spec.ts" time="1.874">
</testcase>
<testcase name="Development Experience Page › should display tech detail view when clicking technology" classname="dev-experience.spec.ts" time="7.577">
</testcase>
<testcase name="Development Experience Page › should handle keyboard navigation" classname="dev-experience.spec.ts" time="7.624">
</testcase>
<testcase name="Development Experience Page › should be responsive on mobile" classname="dev-experience.spec.ts" time="6.85">
</testcase>
<testcase name="Development Experience Page › should be responsive on tablet" classname="dev-experience.spec.ts" time="6.143">
</testcase>
<testcase name="Development Experience Page › should be responsive on desktop" classname="dev-experience.spec.ts" time="4.835">
</testcase>
<testcase name="Development Experience Page › should display tech detail view fullscreen on mobile" classname="dev-experience.spec.ts" time="7.905">
</testcase>
</testsuite>
<testsuite name="performance.spec.ts" timestamp="2025-11-10T03:09:16.154Z" hostname="Tablet" tests="7" failures="0" skipped="0" time="17.976" errors="0">
<testcase name="Performance Tests › Homepage should load within acceptable time" classname="performance.spec.ts" time="3.647">
</testcase>
<testcase name="Performance Tests › Should have good Core Web Vitals" classname="performance.spec.ts" time="2.593">
<system-out>
<![CDATA[Performance metrics: {}
]]>
</system-out>
</testcase>
<testcase name="Performance Tests › Images should load efficiently" classname="performance.spec.ts" time="2.168">
</testcase>
<testcase name="Performance Tests › Should not have console errors" classname="performance.spec.ts" time="3.487">
</testcase>
<testcase name="Performance Tests › Should handle network failures gracefully" classname="performance.spec.ts" time="1.897">
</testcase>
<testcase name="Performance Tests › Should be efficient on mobile devices" classname="performance.spec.ts" time="2.075">
</testcase>
<testcase name="Performance Tests › Should handle large datasets efficiently" classname="performance.spec.ts" time="2.109">
</testcase>
</testsuite>
</testsuites>